   0  $accept : Program $end

   1  Program : ClassList

   2  ClassList : ClassList ClassDef
   3            | ClassDef

   4  VariableDef : Variable ';'

   5  Variable : Type IDENTIFIER

   6  Type : INT
   7       | COMPLEX
   8       | VOID
   9       | BOOL
  10       | STRING
  11       | CLASS IDENTIFIER
  12       | Type '[' ']'

  13  ClassDef : CLASS IDENTIFIER ExtendsClause '{' FieldList '}'

  14  ExtendsClause : EXTENDS IDENTIFIER
  15                |

  16  FieldList : FieldList VariableDef
  17            | FieldList FunctionDef
  18            |

  19  Formals : VariableList
  20          |

  21  VariableList : VariableList ',' Variable
  22               | Variable

  23  FunctionDef : STATIC Type IDENTIFIER '(' Formals ')' StmtBlock
  24              | Type IDENTIFIER '(' Formals ')' StmtBlock

  25  StmtBlock : '{' StmtList '}'

  26  StmtList : StmtList Stmt
  27           |

  28  Stmt : VariableDef
  29       | SimpleStmt ';'
  30       | IfStmt
  31       | DoStmt ';'
  32       | WhileStmt
  33       | ForStmt
  34       | ReturnStmt ';'
  35       | PrintStmt ';'
  36       | BreakStmt ';'
  37       | StmtBlock

  38  SimpleStmt : LValue '=' Expr
  39             | Call
  40             | Super
  41             |

  42  Receiver : Expr '.'
  43           |

  44  LValue : Receiver IDENTIFIER
  45         | Expr '[' Expr ']'

  46  Call : Receiver IDENTIFIER '(' Actuals ')'

  47  ACaseExpr : Constant ':' Expr ';'

  48  DefaultExpr : DEFULT ':' Expr ';'

  49  ACaseExprlist : ACaseExpr ACaseExprlist
  50                |

  51  Super : SUPER '.' IDENTIFIER '(' Actuals ')'

  52  Expr : LValue
  53       | Call
  54       | Super
  55       | Constant
  56       | CASE '(' Expr ')' '{' ACaseExprlist DefaultExpr '}'
  57       | Expr '+' Expr
  58       | Expr '-' Expr
  59       | Expr '*' Expr
  60       | Expr '/' Expr
  61       | Expr '%' Expr
  62       | Expr EQUAL Expr
  63       | Expr NOT_EQUAL Expr
  64       | Expr '<' Expr
  65       | Expr '>' Expr
  66       | Expr LESS_EQUAL Expr
  67       | Expr GREATER_EQUAL Expr
  68       | Expr AND Expr
  69       | Expr OR Expr
  70       | '(' Expr ')'
  71       | '-' Expr
  72       | '!' Expr
  73       | READ_INTEGER '(' ')'
  74       | READ_LINE '(' ')'
  75       | THIS
  76       | NEW IDENTIFIER '(' ')'
  77       | NEW Type '[' Expr ']'
  78       | INSTANCEOF '(' Expr ',' IDENTIFIER ')'
  79       | '(' CLASS IDENTIFIER ')' Expr
  80       | '@' Expr
  81       | '$' Expr
  82       | '#' Expr
  83       | DCOPY '(' Expr ')'
  84       | SCOPY '(' Expr ')'

  85  Constant : LITERAL
  86           | NULL

  87  Actuals : ExprList
  88          |

  89  ExprList : ExprList ',' Expr
  90           | Expr

  91  DoSubStmt : Expr ':' Stmt

  92  DoBranch : DoSubStmt DDD

  93  DoBranchlist : DoBranchlist DoBranch
  94               |

  95  DoStmt : DDO DoBranchlist DoSubStmt OOD

  96  WhileStmt : WHILE '(' Expr ')' Stmt

  97  ForStmt : FOR '(' SimpleStmt ';' Expr ';' SimpleStmt ')' Stmt

  98  BreakStmt : BREAK

  99  IfStmt : IF '(' Expr ')' Stmt ElseClause

 100  ElseClause : ELSE Stmt
 101             |

 102  ReturnStmt : RETURN Expr
 103             | RETURN

 104  PrintStmt : PRINT '(' ExprList ')'
 105            | PRINTCOMP '(' ExprList ')'

state 0
	$accept : . Program $end  (0)

	CLASS  shift 1
	.  error

	Program  goto 2
	ClassList  goto 3
	ClassDef  goto 4


state 1
	ClassDef : CLASS . IDENTIFIER ExtendsClause '{' FieldList '}'  (13)

	IDENTIFIER  shift 5
	.  error


state 2
	$accept : Program . $end  (0)

	$end  accept


state 3
	Program : ClassList .  (1)
	ClassList : ClassList . ClassDef  (2)

	CLASS  shift 1
	$end  reduce 1

	ClassDef  goto 6


state 4
	ClassList : ClassDef .  (3)

	.  reduce 3


state 5
	ClassDef : CLASS IDENTIFIER . ExtendsClause '{' FieldList '}'  (13)
	ExtendsClause : .  (15)

	EXTENDS  shift 7
	'{'  reduce 15

	ExtendsClause  goto 8


state 6
	ClassList : ClassList ClassDef .  (2)

	.  reduce 2


state 7
	ExtendsClause : EXTENDS . IDENTIFIER  (14)

	IDENTIFIER  shift 9
	.  error


state 8
	ClassDef : CLASS IDENTIFIER ExtendsClause . '{' FieldList '}'  (13)

	'{'  shift 10
	.  error


state 9
	ExtendsClause : EXTENDS IDENTIFIER .  (14)

	.  reduce 14


state 10
	ClassDef : CLASS IDENTIFIER ExtendsClause '{' . FieldList '}'  (13)
	FieldList : .  (18)

	.  reduce 18

	FieldList  goto 11


state 11
	ClassDef : CLASS IDENTIFIER ExtendsClause '{' FieldList . '}'  (13)
	FieldList : FieldList . VariableDef  (16)
	FieldList : FieldList . FunctionDef  (17)

	VOID  shift 12
	BOOL  shift 13
	INT  shift 14
	STRING  shift 15
	CLASS  shift 16
	STATIC  shift 17
	'}'  shift 18
	COMPLEX  shift 19
	.  error

	VariableDef  goto 20
	Variable  goto 21
	Type  goto 22
	FunctionDef  goto 23


state 12
	Type : VOID .  (8)

	.  reduce 8


state 13
	Type : BOOL .  (9)

	.  reduce 9


state 14
	Type : INT .  (6)

	.  reduce 6


state 15
	Type : STRING .  (10)

	.  reduce 10


state 16
	Type : CLASS . IDENTIFIER  (11)

	IDENTIFIER  shift 24
	.  error


state 17
	FunctionDef : STATIC . Type IDENTIFIER '(' Formals ')' StmtBlock  (23)

	VOID  shift 12
	BOOL  shift 13
	INT  shift 14
	STRING  shift 15
	CLASS  shift 16
	COMPLEX  shift 19
	.  error

	Type  goto 25


state 18
	ClassDef : CLASS IDENTIFIER ExtendsClause '{' FieldList '}' .  (13)

	.  reduce 13


state 19
	Type : COMPLEX .  (7)

	.  reduce 7


state 20
	FieldList : FieldList VariableDef .  (16)

	.  reduce 16


state 21
	VariableDef : Variable . ';'  (4)

	';'  shift 26
	.  error


state 22
	Variable : Type . IDENTIFIER  (5)
	Type : Type . '[' ']'  (12)
	FunctionDef : Type . IDENTIFIER '(' Formals ')' StmtBlock  (24)

	IDENTIFIER  shift 27
	'['  shift 28
	.  error


state 23
	FieldList : FieldList FunctionDef .  (17)

	.  reduce 17


state 24
	Type : CLASS IDENTIFIER .  (11)

	.  reduce 11


state 25
	Type : Type . '[' ']'  (12)
	FunctionDef : STATIC Type . IDENTIFIER '(' Formals ')' StmtBlock  (23)

	IDENTIFIER  shift 29
	'['  shift 28
	.  error


state 26
	VariableDef : Variable ';' .  (4)

	.  reduce 4


state 27
	Variable : Type IDENTIFIER .  (5)
	FunctionDef : Type IDENTIFIER . '(' Formals ')' StmtBlock  (24)

	'('  shift 30
	';'  reduce 5


state 28
	Type : Type '[' . ']'  (12)

	']'  shift 31
	.  error


state 29
	FunctionDef : STATIC Type IDENTIFIER . '(' Formals ')' StmtBlock  (23)

	'('  shift 32
	.  error


state 30
	FunctionDef : Type IDENTIFIER '(' . Formals ')' StmtBlock  (24)
	Formals : .  (20)

	VOID  shift 12
	BOOL  shift 13
	INT  shift 14
	STRING  shift 15
	CLASS  shift 16
	COMPLEX  shift 19
	')'  reduce 20

	Variable  goto 33
	Type  goto 34
	Formals  goto 35
	VariableList  goto 36


state 31
	Type : Type '[' ']' .  (12)

	.  reduce 12


state 32
	FunctionDef : STATIC Type IDENTIFIER '(' . Formals ')' StmtBlock  (23)
	Formals : .  (20)

	VOID  shift 12
	BOOL  shift 13
	INT  shift 14
	STRING  shift 15
	CLASS  shift 16
	COMPLEX  shift 19
	')'  reduce 20

	Variable  goto 33
	Type  goto 34
	Formals  goto 37
	VariableList  goto 36


state 33
	VariableList : Variable .  (22)

	.  reduce 22


state 34
	Variable : Type . IDENTIFIER  (5)
	Type : Type . '[' ']'  (12)

	IDENTIFIER  shift 38
	'['  shift 28
	.  error


state 35
	FunctionDef : Type IDENTIFIER '(' Formals . ')' StmtBlock  (24)

	')'  shift 39
	.  error


state 36
	Formals : VariableList .  (19)
	VariableList : VariableList . ',' Variable  (21)

	','  shift 40
	')'  reduce 19


state 37
	FunctionDef : STATIC Type IDENTIFIER '(' Formals . ')' StmtBlock  (23)

	')'  shift 41
	.  error


state 38
	Variable : Type IDENTIFIER .  (5)

	.  reduce 5


state 39
	FunctionDef : Type IDENTIFIER '(' Formals ')' . StmtBlock  (24)

	'{'  shift 42
	.  error

	StmtBlock  goto 43


state 40
	VariableList : VariableList ',' . Variable  (21)

	VOID  shift 12
	BOOL  shift 13
	INT  shift 14
	STRING  shift 15
	CLASS  shift 16
	COMPLEX  shift 19
	.  error

	Variable  goto 44
	Type  goto 34


state 41
	FunctionDef : STATIC Type IDENTIFIER '(' Formals ')' . StmtBlock  (23)

	'{'  shift 42
	.  error

	StmtBlock  goto 45


state 42
	StmtBlock : '{' . StmtList '}'  (25)
	StmtList : .  (27)

	.  reduce 27

	StmtList  goto 46


state 43
	FunctionDef : Type IDENTIFIER '(' Formals ')' StmtBlock .  (24)

	.  reduce 24


state 44
	VariableList : VariableList ',' Variable .  (21)

	.  reduce 21


state 45
	FunctionDef : STATIC Type IDENTIFIER '(' Formals ')' StmtBlock .  (23)

	.  reduce 23


state 46
	StmtBlock : '{' StmtList . '}'  (25)
	StmtList : StmtList . Stmt  (26)
	SimpleStmt : .  (41)
	Receiver : .  (43)

	VOID  shift 12
	BOOL  shift 13
	INT  shift 14
	STRING  shift 15
	CLASS  shift 16
	NULL  shift 47
	THIS  shift 48
	WHILE  shift 49
	FOR  shift 50
	IF  shift 51
	RETURN  shift 52
	BREAK  shift 53
	NEW  shift 54
	PRINT  shift 55
	READ_INTEGER  shift 56
	READ_LINE  shift 57
	LITERAL  shift 58
	INSTANCEOF  shift 59
	'-'  shift 60
	'!'  shift 61
	'('  shift 62
	'{'  shift 42
	'}'  shift 63
	COMPLEX  shift 19
	CASE  shift 64
	PRINTCOMP  shift 65
	SUPER  shift 66
	DCOPY  shift 67
	SCOPY  shift 68
	DDO  shift 69
	'@'  shift 70
	'$'  shift 71
	'#'  shift 72
	IDENTIFIER  reduce 43
	';'  reduce 41

	VariableDef  goto 73
	Variable  goto 21
	Type  goto 34
	StmtBlock  goto 74
	Stmt  goto 75
	SimpleStmt  goto 76
	IfStmt  goto 77
	DoStmt  goto 78
	WhileStmt  goto 79
	ForStmt  goto 80
	ReturnStmt  goto 81
	PrintStmt  goto 82
	BreakStmt  goto 83
	LValue  goto 84
	Expr  goto 85
	Call  goto 86
	Super  goto 87
	Receiver  goto 88
	Constant  goto 89


state 47
	Constant : NULL .  (86)

	.  reduce 86


state 48
	Expr : THIS .  (75)

	.  reduce 75


state 49
	WhileStmt : WHILE . '(' Expr ')' Stmt  (96)

	'('  shift 90
	.  error


state 50
	ForStmt : FOR . '(' SimpleStmt ';' Expr ';' SimpleStmt ')' Stmt  (97)

	'('  shift 91
	.  error


state 51
	IfStmt : IF . '(' Expr ')' Stmt ElseClause  (99)

	'('  shift 92
	.  error


state 52
	ReturnStmt : RETURN . Expr  (102)
	ReturnStmt : RETURN .  (103)
	Receiver : .  (43)

	NULL  shift 47
	THIS  shift 48
	NEW  shift 54
	READ_INTEGER  shift 56
	READ_LINE  shift 57
	LITERAL  shift 58
	INSTANCEOF  shift 59
	'-'  shift 60
	'!'  shift 61
	'('  shift 62
	CASE  shift 64
	SUPER  shift 66
	DCOPY  shift 67
	SCOPY  shift 68
	'@'  shift 70
	'$'  shift 71
	'#'  shift 72
	IDENTIFIER  reduce 43
	';'  reduce 103

	LValue  goto 93
	Expr  goto 94
	Call  goto 95
	Super  goto 96
	Receiver  goto 88
	Constant  goto 89


state 53
	BreakStmt : BREAK .  (98)

	.  reduce 98


state 54
	Expr : NEW . IDENTIFIER '(' ')'  (76)
	Expr : NEW . Type '[' Expr ']'  (77)

	VOID  shift 12
	BOOL  shift 13
	INT  shift 14
	STRING  shift 15
	CLASS  shift 16
	IDENTIFIER  shift 97
	COMPLEX  shift 19
	.  error

	Type  goto 98


state 55
	PrintStmt : PRINT . '(' ExprList ')'  (104)

	'('  shift 99
	.  error


state 56
	Expr : READ_INTEGER . '(' ')'  (73)

	'('  shift 100
	.  error


state 57
	Expr : READ_LINE . '(' ')'  (74)

	'('  shift 101
	.  error


state 58
	Constant : LITERAL .  (85)

	.  reduce 85


state 59
	Expr : INSTANCEOF . '(' Expr ',' IDENTIFIER ')'  (78)

	'('  shift 102
	.  error


state 60
	Expr : '-' . Expr  (71)
	Receiver : .  (43)

	NULL  shift 47
	THIS  shift 48
	NEW  shift 54
	READ_INTEGER  shift 56
	READ_LINE  shift 57
	LITERAL  shift 58
	INSTANCEOF  shift 59
	'-'  shift 60
	'!'  shift 61
	'('  shift 62
	CASE  shift 64
	SUPER  shift 66
	DCOPY  shift 67
	SCOPY  shift 68
	'@'  shift 70
	'$'  shift 71
	'#'  shift 72
	IDENTIFIER  reduce 43

	LValue  goto 93
	Expr  goto 103
	Call  goto 95
	Super  goto 96
	Receiver  goto 88
	Constant  goto 89


state 61
	Expr : '!' . Expr  (72)
	Receiver : .  (43)

	NULL  shift 47
	THIS  shift 48
	NEW  shift 54
	READ_INTEGER  shift 56
	READ_LINE  shift 57
	LITERAL  shift 58
	INSTANCEOF  shift 59
	'-'  shift 60
	'!'  shift 61
	'('  shift 62
	CASE  shift 64
	SUPER  shift 66
	DCOPY  shift 67
	SCOPY  shift 68
	'@'  shift 70
	'$'  shift 71
	'#'  shift 72
	IDENTIFIER  reduce 43

	LValue  goto 93
	Expr  goto 104
	Call  goto 95
	Super  goto 96
	Receiver  goto 88
	Constant  goto 89


state 62
	Expr : '(' . Expr ')'  (70)
	Expr : '(' . CLASS IDENTIFIER ')' Expr  (79)
	Receiver : .  (43)

	CLASS  shift 105
	NULL  shift 47
	THIS  shift 48
	NEW  shift 54
	READ_INTEGER  shift 56
	READ_LINE  shift 57
	LITERAL  shift 58
	INSTANCEOF  shift 59
	'-'  shift 60
	'!'  shift 61
	'('  shift 62
	CASE  shift 64
	SUPER  shift 66
	DCOPY  shift 67
	SCOPY  shift 68
	'@'  shift 70
	'$'  shift 71
	'#'  shift 72
	IDENTIFIER  reduce 43

	LValue  goto 93
	Expr  goto 106
	Call  goto 95
	Super  goto 96
	Receiver  goto 88
	Constant  goto 89


state 63
	StmtBlock : '{' StmtList '}' .  (25)

	.  reduce 25


state 64
	Expr : CASE . '(' Expr ')' '{' ACaseExprlist DefaultExpr '}'  (56)

	'('  shift 107
	.  error


state 65
	PrintStmt : PRINTCOMP . '(' ExprList ')'  (105)

	'('  shift 108
	.  error


state 66
	Super : SUPER . '.' IDENTIFIER '(' Actuals ')'  (51)

	'.'  shift 109
	.  error


state 67
	Expr : DCOPY . '(' Expr ')'  (83)

	'('  shift 110
	.  error


state 68
	Expr : SCOPY . '(' Expr ')'  (84)

	'('  shift 111
	.  error


state 69
	DoStmt : DDO . DoBranchlist DoSubStmt OOD  (95)
	DoBranchlist : .  (94)

	.  reduce 94

	DoBranchlist  goto 112


state 70
	Expr : '@' . Expr  (80)
	Receiver : .  (43)

	NULL  shift 47
	THIS  shift 48
	NEW  shift 54
	READ_INTEGER  shift 56
	READ_LINE  shift 57
	LITERAL  shift 58
	INSTANCEOF  shift 59
	'-'  shift 60
	'!'  shift 61
	'('  shift 62
	CASE  shift 64
	SUPER  shift 66
	DCOPY  shift 67
	SCOPY  shift 68
	'@'  shift 70
	'$'  shift 71
	'#'  shift 72
	IDENTIFIER  reduce 43

	LValue  goto 93
	Expr  goto 113
	Call  goto 95
	Super  goto 96
	Receiver  goto 88
	Constant  goto 89


state 71
	Expr : '$' . Expr  (81)
	Receiver : .  (43)

	NULL  shift 47
	THIS  shift 48
	NEW  shift 54
	READ_INTEGER  shift 56
	READ_LINE  shift 57
	LITERAL  shift 58
	INSTANCEOF  shift 59
	'-'  shift 60
	'!'  shift 61
	'('  shift 62
	CASE  shift 64
	SUPER  shift 66
	DCOPY  shift 67
	SCOPY  shift 68
	'@'  shift 70
	'$'  shift 71
	'#'  shift 72
	IDENTIFIER  reduce 43

	LValue  goto 93
	Expr  goto 114
	Call  goto 95
	Super  goto 96
	Receiver  goto 88
	Constant  goto 89


state 72
	Expr : '#' . Expr  (82)
	Receiver : .  (43)

	NULL  shift 47
	THIS  shift 48
	NEW  shift 54
	READ_INTEGER  shift 56
	READ_LINE  shift 57
	LITERAL  shift 58
	INSTANCEOF  shift 59
	'-'  shift 60
	'!'  shift 61
	'('  shift 62
	CASE  shift 64
	SUPER  shift 66
	DCOPY  shift 67
	SCOPY  shift 68
	'@'  shift 70
	'$'  shift 71
	'#'  shift 72
	IDENTIFIER  reduce 43

	LValue  goto 93
	Expr  goto 115
	Call  goto 95
	Super  goto 96
	Receiver  goto 88
	Constant  goto 89


state 73
	Stmt : VariableDef .  (28)

	.  reduce 28


state 74
	Stmt : StmtBlock .  (37)

	.  reduce 37


state 75
	StmtList : StmtList Stmt .  (26)

	.  reduce 26


state 76
	Stmt : SimpleStmt . ';'  (29)

	';'  shift 116
	.  error


state 77
	Stmt : IfStmt .  (30)

	.  reduce 30


state 78
	Stmt : DoStmt . ';'  (31)

	';'  shift 117
	.  error


state 79
	Stmt : WhileStmt .  (32)

	.  reduce 32


state 80
	Stmt : ForStmt .  (33)

	.  reduce 33


state 81
	Stmt : ReturnStmt . ';'  (34)

	';'  shift 118
	.  error


state 82
	Stmt : PrintStmt . ';'  (35)

	';'  shift 119
	.  error


state 83
	Stmt : BreakStmt . ';'  (36)

	';'  shift 120
	.  error


state 84
	SimpleStmt : LValue . '=' Expr  (38)
	Expr : LValue .  (52)

	'='  shift 121
	AND  reduce 52
	OR  reduce 52
	LESS_EQUAL  reduce 52
	GREATER_EQUAL  reduce 52
	EQUAL  reduce 52
	NOT_EQUAL  reduce 52
	'+'  reduce 52
	'-'  reduce 52
	'*'  reduce 52
	'/'  reduce 52
	'%'  reduce 52
	'>'  reduce 52
	'<'  reduce 52
	'.'  reduce 52
	'['  reduce 52


state 85
	Receiver : Expr . '.'  (42)
	LValue : Expr . '[' Expr ']'  (45)
	Expr : Expr . '+' Expr  (57)
	Expr : Expr . '-' Expr  (58)
	Expr : Expr . '*' Expr  (59)
	Expr : Expr . '/' Expr  (60)
	Expr : Expr . '%' Expr  (61)
	Expr : Expr . EQUAL Expr  (62)
	Expr : Expr . NOT_EQUAL Expr  (63)
	Expr : Expr . '<' Expr  (64)
	Expr : Expr . '>' Expr  (65)
	Expr : Expr . LESS_EQUAL Expr  (66)
	Expr : Expr . GREATER_EQUAL Expr  (67)
	Expr : Expr . AND Expr  (68)
	Expr : Expr . OR Expr  (69)

	AND  shift 122
	OR  shift 123
	LESS_EQUAL  shift 124
	GREATER_EQUAL  shift 125
	EQUAL  shift 126
	NOT_EQUAL  shift 127
	'+'  shift 128
	'-'  shift 129
	'*'  shift 130
	'/'  shift 131
	'%'  shift 132
	'>'  shift 133
	'<'  shift 134
	'.'  shift 135
	'['  shift 136
	.  error


state 86
	SimpleStmt : Call .  (39)
	Expr : Call .  (53)

	AND  reduce 53
	OR  reduce 53
	LESS_EQUAL  reduce 53
	GREATER_EQUAL  reduce 53
	EQUAL  reduce 53
	NOT_EQUAL  reduce 53
	'+'  reduce 53
	'-'  reduce 53
	'*'  reduce 53
	'/'  reduce 53
	'%'  reduce 53
	'>'  reduce 53
	'<'  reduce 53
	'.'  reduce 53
	';'  reduce 39
	')'  reduce 39
	'['  reduce 53


state 87
	SimpleStmt : Super .  (40)
	Expr : Super .  (54)

	AND  reduce 54
	OR  reduce 54
	LESS_EQUAL  reduce 54
	GREATER_EQUAL  reduce 54
	EQUAL  reduce 54
	NOT_EQUAL  reduce 54
	'+'  reduce 54
	'-'  reduce 54
	'*'  reduce 54
	'/'  reduce 54
	'%'  reduce 54
	'>'  reduce 54
	'<'  reduce 54
	'.'  reduce 54
	';'  reduce 40
	')'  reduce 40
	'['  reduce 54


state 88
	LValue : Receiver . IDENTIFIER  (44)
	Call : Receiver . IDENTIFIER '(' Actuals ')'  (46)

	IDENTIFIER  shift 137
	.  error


state 89
	Expr : Constant .  (55)

	.  reduce 55


state 90
	WhileStmt : WHILE '(' . Expr ')' Stmt  (96)
	Receiver : .  (43)

	NULL  shift 47
	THIS  shift 48
	NEW  shift 54
	READ_INTEGER  shift 56
	READ_LINE  shift 57
	LITERAL  shift 58
	INSTANCEOF  shift 59
	'-'  shift 60
	'!'  shift 61
	'('  shift 62
	CASE  shift 64
	SUPER  shift 66
	DCOPY  shift 67
	SCOPY  shift 68
	'@'  shift 70
	'$'  shift 71
	'#'  shift 72
	IDENTIFIER  reduce 43

	LValue  goto 93
	Expr  goto 138
	Call  goto 95
	Super  goto 96
	Receiver  goto 88
	Constant  goto 89


state 91
	ForStmt : FOR '(' . SimpleStmt ';' Expr ';' SimpleStmt ')' Stmt  (97)
	SimpleStmt : .  (41)
	Receiver : .  (43)

	NULL  shift 47
	THIS  shift 48
	NEW  shift 54
	READ_INTEGER  shift 56
	READ_LINE  shift 57
	LITERAL  shift 58
	INSTANCEOF  shift 59
	'-'  shift 60
	'!'  shift 61
	'('  shift 62
	CASE  shift 64
	SUPER  shift 66
	DCOPY  shift 67
	SCOPY  shift 68
	'@'  shift 70
	'$'  shift 71
	'#'  shift 72
	IDENTIFIER  reduce 43
	';'  reduce 41

	SimpleStmt  goto 139
	LValue  goto 84
	Expr  goto 85
	Call  goto 86
	Super  goto 87
	Receiver  goto 88
	Constant  goto 89


state 92
	IfStmt : IF '(' . Expr ')' Stmt ElseClause  (99)
	Receiver : .  (43)

	NULL  shift 47
	THIS  shift 48
	NEW  shift 54
	READ_INTEGER  shift 56
	READ_LINE  shift 57
	LITERAL  shift 58
	INSTANCEOF  shift 59
	'-'  shift 60
	'!'  shift 61
	'('  shift 62
	CASE  shift 64
	SUPER  shift 66
	DCOPY  shift 67
	SCOPY  shift 68
	'@'  shift 70
	'$'  shift 71
	'#'  shift 72
	IDENTIFIER  reduce 43

	LValue  goto 93
	Expr  goto 140
	Call  goto 95
	Super  goto 96
	Receiver  goto 88
	Constant  goto 89


state 93
	Expr : LValue .  (52)

	.  reduce 52


state 94
	Receiver : Expr . '.'  (42)
	LValue : Expr . '[' Expr ']'  (45)
	Expr : Expr . '+' Expr  (57)
	Expr : Expr . '-' Expr  (58)
	Expr : Expr . '*' Expr  (59)
	Expr : Expr . '/' Expr  (60)
	Expr : Expr . '%' Expr  (61)
	Expr : Expr . EQUAL Expr  (62)
	Expr : Expr . NOT_EQUAL Expr  (63)
	Expr : Expr . '<' Expr  (64)
	Expr : Expr . '>' Expr  (65)
	Expr : Expr . LESS_EQUAL Expr  (66)
	Expr : Expr . GREATER_EQUAL Expr  (67)
	Expr : Expr . AND Expr  (68)
	Expr : Expr . OR Expr  (69)
	ReturnStmt : RETURN Expr .  (102)

	AND  shift 122
	OR  shift 123
	LESS_EQUAL  shift 124
	GREATER_EQUAL  shift 125
	EQUAL  shift 126
	NOT_EQUAL  shift 127
	'+'  shift 128
	'-'  shift 129
	'*'  shift 130
	'/'  shift 131
	'%'  shift 132
	'>'  shift 133
	'<'  shift 134
	'.'  shift 135
	'['  shift 136
	';'  reduce 102


state 95
	Expr : Call .  (53)

	.  reduce 53


state 96
	Expr : Super .  (54)

	.  reduce 54


state 97
	Expr : NEW IDENTIFIER . '(' ')'  (76)

	'('  shift 141
	.  error


state 98
	Type : Type . '[' ']'  (12)
	Expr : NEW Type . '[' Expr ']'  (77)

	'['  shift 142
	.  error


state 99
	PrintStmt : PRINT '(' . ExprList ')'  (104)
	Receiver : .  (43)

	NULL  shift 47
	THIS  shift 48
	NEW  shift 54
	READ_INTEGER  shift 56
	READ_LINE  shift 57
	LITERAL  shift 58
	INSTANCEOF  shift 59
	'-'  shift 60
	'!'  shift 61
	'('  shift 62
	CASE  shift 64
	SUPER  shift 66
	DCOPY  shift 67
	SCOPY  shift 68
	'@'  shift 70
	'$'  shift 71
	'#'  shift 72
	IDENTIFIER  reduce 43

	LValue  goto 93
	Expr  goto 143
	Call  goto 95
	Super  goto 96
	Receiver  goto 88
	Constant  goto 89
	ExprList  goto 144


state 100
	Expr : READ_INTEGER '(' . ')'  (73)

	')'  shift 145
	.  error


state 101
	Expr : READ_LINE '(' . ')'  (74)

	')'  shift 146
	.  error


state 102
	Expr : INSTANCEOF '(' . Expr ',' IDENTIFIER ')'  (78)
	Receiver : .  (43)

	NULL  shift 47
	THIS  shift 48
	NEW  shift 54
	READ_INTEGER  shift 56
	READ_LINE  shift 57
	LITERAL  shift 58
	INSTANCEOF  shift 59
	'-'  shift 60
	'!'  shift 61
	'('  shift 62
	CASE  shift 64
	SUPER  shift 66
	DCOPY  shift 67
	SCOPY  shift 68
	'@'  shift 70
	'$'  shift 71
	'#'  shift 72
	IDENTIFIER  reduce 43

	LValue  goto 93
	Expr  goto 147
	Call  goto 95
	Super  goto 96
	Receiver  goto 88
	Constant  goto 89


state 103
	Receiver : Expr . '.'  (42)
	LValue : Expr . '[' Expr ']'  (45)
	Expr : Expr . '+' Expr  (57)
	Expr : Expr . '-' Expr  (58)
	Expr : Expr . '*' Expr  (59)
	Expr : Expr . '/' Expr  (60)
	Expr : Expr . '%' Expr  (61)
	Expr : Expr . EQUAL Expr  (62)
	Expr : Expr . NOT_EQUAL Expr  (63)
	Expr : Expr . '<' Expr  (64)
	Expr : Expr . '>' Expr  (65)
	Expr : Expr . LESS_EQUAL Expr  (66)
	Expr : Expr . GREATER_EQUAL Expr  (67)
	Expr : Expr . AND Expr  (68)
	Expr : Expr . OR Expr  (69)
	Expr : '-' Expr .  (71)

	'.'  shift 135
	'['  shift 136
	AND  reduce 71
	OR  reduce 71
	LESS_EQUAL  reduce 71
	GREATER_EQUAL  reduce 71
	EQUAL  reduce 71
	NOT_EQUAL  reduce 71
	'+'  reduce 71
	'-'  reduce 71
	'*'  reduce 71
	'/'  reduce 71
	'%'  reduce 71
	'>'  reduce 71
	'<'  reduce 71
	','  reduce 71
	';'  reduce 71
	')'  reduce 71
	']'  reduce 71
	':'  reduce 71


state 104
	Receiver : Expr . '.'  (42)
	LValue : Expr . '[' Expr ']'  (45)
	Expr : Expr . '+' Expr  (57)
	Expr : Expr . '-' Expr  (58)
	Expr : Expr . '*' Expr  (59)
	Expr : Expr . '/' Expr  (60)
	Expr : Expr . '%' Expr  (61)
	Expr : Expr . EQUAL Expr  (62)
	Expr : Expr . NOT_EQUAL Expr  (63)
	Expr : Expr . '<' Expr  (64)
	Expr : Expr . '>' Expr  (65)
	Expr : Expr . LESS_EQUAL Expr  (66)
	Expr : Expr . GREATER_EQUAL Expr  (67)
	Expr : Expr . AND Expr  (68)
	Expr : Expr . OR Expr  (69)
	Expr : '!' Expr .  (72)

	'.'  shift 135
	'['  shift 136
	AND  reduce 72
	OR  reduce 72
	LESS_EQUAL  reduce 72
	GREATER_EQUAL  reduce 72
	EQUAL  reduce 72
	NOT_EQUAL  reduce 72
	'+'  reduce 72
	'-'  reduce 72
	'*'  reduce 72
	'/'  reduce 72
	'%'  reduce 72
	'>'  reduce 72
	'<'  reduce 72
	','  reduce 72
	';'  reduce 72
	')'  reduce 72
	']'  reduce 72
	':'  reduce 72


state 105
	Expr : '(' CLASS . IDENTIFIER ')' Expr  (79)

	IDENTIFIER  shift 148
	.  error


state 106
	Receiver : Expr . '.'  (42)
	LValue : Expr . '[' Expr ']'  (45)
	Expr : Expr . '+' Expr  (57)
	Expr : Expr . '-' Expr  (58)
	Expr : Expr . '*' Expr  (59)
	Expr : Expr . '/' Expr  (60)
	Expr : Expr . '%' Expr  (61)
	Expr : Expr . EQUAL Expr  (62)
	Expr : Expr . NOT_EQUAL Expr  (63)
	Expr : Expr . '<' Expr  (64)
	Expr : Expr . '>' Expr  (65)
	Expr : Expr . LESS_EQUAL Expr  (66)
	Expr : Expr . GREATER_EQUAL Expr  (67)
	Expr : Expr . AND Expr  (68)
	Expr : Expr . OR Expr  (69)
	Expr : '(' Expr . ')'  (70)

	AND  shift 122
	OR  shift 123
	LESS_EQUAL  shift 124
	GREATER_EQUAL  shift 125
	EQUAL  shift 126
	NOT_EQUAL  shift 127
	'+'  shift 128
	'-'  shift 129
	'*'  shift 130
	'/'  shift 131
	'%'  shift 132
	'>'  shift 133
	'<'  shift 134
	'.'  shift 135
	')'  shift 149
	'['  shift 136
	.  error


state 107
	Expr : CASE '(' . Expr ')' '{' ACaseExprlist DefaultExpr '}'  (56)
	Receiver : .  (43)

	NULL  shift 47
	THIS  shift 48
	NEW  shift 54
	READ_INTEGER  shift 56
	READ_LINE  shift 57
	LITERAL  shift 58
	INSTANCEOF  shift 59
	'-'  shift 60
	'!'  shift 61
	'('  shift 62
	CASE  shift 64
	SUPER  shift 66
	DCOPY  shift 67
	SCOPY  shift 68
	'@'  shift 70
	'$'  shift 71
	'#'  shift 72
	IDENTIFIER  reduce 43

	LValue  goto 93
	Expr  goto 150
	Call  goto 95
	Super  goto 96
	Receiver  goto 88
	Constant  goto 89


state 108
	PrintStmt : PRINTCOMP '(' . ExprList ')'  (105)
	Receiver : .  (43)

	NULL  shift 47
	THIS  shift 48
	NEW  shift 54
	READ_INTEGER  shift 56
	READ_LINE  shift 57
	LITERAL  shift 58
	INSTANCEOF  shift 59
	'-'  shift 60
	'!'  shift 61
	'('  shift 62
	CASE  shift 64
	SUPER  shift 66
	DCOPY  shift 67
	SCOPY  shift 68
	'@'  shift 70
	'$'  shift 71
	'#'  shift 72
	IDENTIFIER  reduce 43

	LValue  goto 93
	Expr  goto 143
	Call  goto 95
	Super  goto 96
	Receiver  goto 88
	Constant  goto 89
	ExprList  goto 151


state 109
	Super : SUPER '.' . IDENTIFIER '(' Actuals ')'  (51)

	IDENTIFIER  shift 152
	.  error


state 110
	Expr : DCOPY '(' . Expr ')'  (83)
	Receiver : .  (43)

	NULL  shift 47
	THIS  shift 48
	NEW  shift 54
	READ_INTEGER  shift 56
	READ_LINE  shift 57
	LITERAL  shift 58
	INSTANCEOF  shift 59
	'-'  shift 60
	'!'  shift 61
	'('  shift 62
	CASE  shift 64
	SUPER  shift 66
	DCOPY  shift 67
	SCOPY  shift 68
	'@'  shift 70
	'$'  shift 71
	'#'  shift 72
	IDENTIFIER  reduce 43

	LValue  goto 93
	Expr  goto 153
	Call  goto 95
	Super  goto 96
	Receiver  goto 88
	Constant  goto 89


state 111
	Expr : SCOPY '(' . Expr ')'  (84)
	Receiver : .  (43)

	NULL  shift 47
	THIS  shift 48
	NEW  shift 54
	READ_INTEGER  shift 56
	READ_LINE  shift 57
	LITERAL  shift 58
	INSTANCEOF  shift 59
	'-'  shift 60
	'!'  shift 61
	'('  shift 62
	CASE  shift 64
	SUPER  shift 66
	DCOPY  shift 67
	SCOPY  shift 68
	'@'  shift 70
	'$'  shift 71
	'#'  shift 72
	IDENTIFIER  reduce 43

	LValue  goto 93
	Expr  goto 154
	Call  goto 95
	Super  goto 96
	Receiver  goto 88
	Constant  goto 89


state 112
	DoBranchlist : DoBranchlist . DoBranch  (93)
	DoStmt : DDO DoBranchlist . DoSubStmt OOD  (95)
	Receiver : .  (43)

	NULL  shift 47
	THIS  shift 48
	NEW  shift 54
	READ_INTEGER  shift 56
	READ_LINE  shift 57
	LITERAL  shift 58
	INSTANCEOF  shift 59
	'-'  shift 60
	'!'  shift 61
	'('  shift 62
	CASE  shift 64
	SUPER  shift 66
	DCOPY  shift 67
	SCOPY  shift 68
	'@'  shift 70
	'$'  shift 71
	'#'  shift 72
	IDENTIFIER  reduce 43

	LValue  goto 93
	Expr  goto 155
	Call  goto 95
	Super  goto 96
	Receiver  goto 88
	Constant  goto 89
	DoSubStmt  goto 156
	DoBranch  goto 157


113: shift/reduce conflict (shift 122, reduce 80) on AND
113: shift/reduce conflict (shift 123, reduce 80) on OR
113: shift/reduce conflict (shift 124, reduce 80) on LESS_EQUAL
113: shift/reduce conflict (shift 125, reduce 80) on GREATER_EQUAL
113: shift/reduce conflict (shift 126, reduce 80) on EQUAL
113: shift/reduce conflict (shift 127, reduce 80) on NOT_EQUAL
113: shift/reduce conflict (shift 128, reduce 80) on '+'
113: shift/reduce conflict (shift 129, reduce 80) on '-'
113: shift/reduce conflict (shift 130, reduce 80) on '*'
113: shift/reduce conflict (shift 131, reduce 80) on '/'
113: shift/reduce conflict (shift 132, reduce 80) on '%'
113: shift/reduce conflict (shift 133, reduce 80) on '>'
113: shift/reduce conflict (shift 134, reduce 80) on '<'
113: shift/reduce conflict (shift 135, reduce 80) on '.'
113: shift/reduce conflict (shift 136, reduce 80) on '['
state 113
	Receiver : Expr . '.'  (42)
	LValue : Expr . '[' Expr ']'  (45)
	Expr : Expr . '+' Expr  (57)
	Expr : Expr . '-' Expr  (58)
	Expr : Expr . '*' Expr  (59)
	Expr : Expr . '/' Expr  (60)
	Expr : Expr . '%' Expr  (61)
	Expr : Expr . EQUAL Expr  (62)
	Expr : Expr . NOT_EQUAL Expr  (63)
	Expr : Expr . '<' Expr  (64)
	Expr : Expr . '>' Expr  (65)
	Expr : Expr . LESS_EQUAL Expr  (66)
	Expr : Expr . GREATER_EQUAL Expr  (67)
	Expr : Expr . AND Expr  (68)
	Expr : Expr . OR Expr  (69)
	Expr : '@' Expr .  (80)

	AND  shift 122
	OR  shift 123
	LESS_EQUAL  shift 124
	GREATER_EQUAL  shift 125
	EQUAL  shift 126
	NOT_EQUAL  shift 127
	'+'  shift 128
	'-'  shift 129
	'*'  shift 130
	'/'  shift 131
	'%'  shift 132
	'>'  shift 133
	'<'  shift 134
	'.'  shift 135
	'['  shift 136
	','  reduce 80
	';'  reduce 80
	')'  reduce 80
	']'  reduce 80
	':'  reduce 80


114: shift/reduce conflict (shift 122, reduce 81) on AND
114: shift/reduce conflict (shift 123, reduce 81) on OR
114: shift/reduce conflict (shift 124, reduce 81) on LESS_EQUAL
114: shift/reduce conflict (shift 125, reduce 81) on GREATER_EQUAL
114: shift/reduce conflict (shift 126, reduce 81) on EQUAL
114: shift/reduce conflict (shift 127, reduce 81) on NOT_EQUAL
114: shift/reduce conflict (shift 128, reduce 81) on '+'
114: shift/reduce conflict (shift 129, reduce 81) on '-'
114: shift/reduce conflict (shift 130, reduce 81) on '*'
114: shift/reduce conflict (shift 131, reduce 81) on '/'
114: shift/reduce conflict (shift 132, reduce 81) on '%'
114: shift/reduce conflict (shift 133, reduce 81) on '>'
114: shift/reduce conflict (shift 134, reduce 81) on '<'
114: shift/reduce conflict (shift 135, reduce 81) on '.'
114: shift/reduce conflict (shift 136, reduce 81) on '['
state 114
	Receiver : Expr . '.'  (42)
	LValue : Expr . '[' Expr ']'  (45)
	Expr : Expr . '+' Expr  (57)
	Expr : Expr . '-' Expr  (58)
	Expr : Expr . '*' Expr  (59)
	Expr : Expr . '/' Expr  (60)
	Expr : Expr . '%' Expr  (61)
	Expr : Expr . EQUAL Expr  (62)
	Expr : Expr . NOT_EQUAL Expr  (63)
	Expr : Expr . '<' Expr  (64)
	Expr : Expr . '>' Expr  (65)
	Expr : Expr . LESS_EQUAL Expr  (66)
	Expr : Expr . GREATER_EQUAL Expr  (67)
	Expr : Expr . AND Expr  (68)
	Expr : Expr . OR Expr  (69)
	Expr : '$' Expr .  (81)

	AND  shift 122
	OR  shift 123
	LESS_EQUAL  shift 124
	GREATER_EQUAL  shift 125
	EQUAL  shift 126
	NOT_EQUAL  shift 127
	'+'  shift 128
	'-'  shift 129
	'*'  shift 130
	'/'  shift 131
	'%'  shift 132
	'>'  shift 133
	'<'  shift 134
	'.'  shift 135
	'['  shift 136
	','  reduce 81
	';'  reduce 81
	')'  reduce 81
	']'  reduce 81
	':'  reduce 81


115: shift/reduce conflict (shift 122, reduce 82) on AND
115: shift/reduce conflict (shift 123, reduce 82) on OR
115: shift/reduce conflict (shift 124, reduce 82) on LESS_EQUAL
115: shift/reduce conflict (shift 125, reduce 82) on GREATER_EQUAL
115: shift/reduce conflict (shift 126, reduce 82) on EQUAL
115: shift/reduce conflict (shift 127, reduce 82) on NOT_EQUAL
115: shift/reduce conflict (shift 128, reduce 82) on '+'
115: shift/reduce conflict (shift 129, reduce 82) on '-'
115: shift/reduce conflict (shift 130, reduce 82) on '*'
115: shift/reduce conflict (shift 131, reduce 82) on '/'
115: shift/reduce conflict (shift 132, reduce 82) on '%'
115: shift/reduce conflict (shift 133, reduce 82) on '>'
115: shift/reduce conflict (shift 134, reduce 82) on '<'
115: shift/reduce conflict (shift 135, reduce 82) on '.'
115: shift/reduce conflict (shift 136, reduce 82) on '['
state 115
	Receiver : Expr . '.'  (42)
	LValue : Expr . '[' Expr ']'  (45)
	Expr : Expr . '+' Expr  (57)
	Expr : Expr . '-' Expr  (58)
	Expr : Expr . '*' Expr  (59)
	Expr : Expr . '/' Expr  (60)
	Expr : Expr . '%' Expr  (61)
	Expr : Expr . EQUAL Expr  (62)
	Expr : Expr . NOT_EQUAL Expr  (63)
	Expr : Expr . '<' Expr  (64)
	Expr : Expr . '>' Expr  (65)
	Expr : Expr . LESS_EQUAL Expr  (66)
	Expr : Expr . GREATER_EQUAL Expr  (67)
	Expr : Expr . AND Expr  (68)
	Expr : Expr . OR Expr  (69)
	Expr : '#' Expr .  (82)

	AND  shift 122
	OR  shift 123
	LESS_EQUAL  shift 124
	GREATER_EQUAL  shift 125
	EQUAL  shift 126
	NOT_EQUAL  shift 127
	'+'  shift 128
	'-'  shift 129
	'*'  shift 130
	'/'  shift 131
	'%'  shift 132
	'>'  shift 133
	'<'  shift 134
	'.'  shift 135
	'['  shift 136
	','  reduce 82
	';'  reduce 82
	')'  reduce 82
	']'  reduce 82
	':'  reduce 82


state 116
	Stmt : SimpleStmt ';' .  (29)

	.  reduce 29


state 117
	Stmt : DoStmt ';' .  (31)

	.  reduce 31


state 118
	Stmt : ReturnStmt ';' .  (34)

	.  reduce 34


state 119
	Stmt : PrintStmt ';' .  (35)

	.  reduce 35


state 120
	Stmt : BreakStmt ';' .  (36)

	.  reduce 36


state 121
	SimpleStmt : LValue '=' . Expr  (38)
	Receiver : .  (43)

	NULL  shift 47
	THIS  shift 48
	NEW  shift 54
	READ_INTEGER  shift 56
	READ_LINE  shift 57
	LITERAL  shift 58
	INSTANCEOF  shift 59
	'-'  shift 60
	'!'  shift 61
	'('  shift 62
	CASE  shift 64
	SUPER  shift 66
	DCOPY  shift 67
	SCOPY  shift 68
	'@'  shift 70
	'$'  shift 71
	'#'  shift 72
	IDENTIFIER  reduce 43

	LValue  goto 93
	Expr  goto 158
	Call  goto 95
	Super  goto 96
	Receiver  goto 88
	Constant  goto 89


state 122
	Expr : Expr AND . Expr  (68)
	Receiver : .  (43)

	NULL  shift 47
	THIS  shift 48
	NEW  shift 54
	READ_INTEGER  shift 56
	READ_LINE  shift 57
	LITERAL  shift 58
	INSTANCEOF  shift 59
	'-'  shift 60
	'!'  shift 61
	'('  shift 62
	CASE  shift 64
	SUPER  shift 66
	DCOPY  shift 67
	SCOPY  shift 68
	'@'  shift 70
	'$'  shift 71
	'#'  shift 72
	IDENTIFIER  reduce 43

	LValue  goto 93
	Expr  goto 159
	Call  goto 95
	Super  goto 96
	Receiver  goto 88
	Constant  goto 89


state 123
	Expr : Expr OR . Expr  (69)
	Receiver : .  (43)

	NULL  shift 47
	THIS  shift 48
	NEW  shift 54
	READ_INTEGER  shift 56
	READ_LINE  shift 57
	LITERAL  shift 58
	INSTANCEOF  shift 59
	'-'  shift 60
	'!'  shift 61
	'('  shift 62
	CASE  shift 64
	SUPER  shift 66
	DCOPY  shift 67
	SCOPY  shift 68
	'@'  shift 70
	'$'  shift 71
	'#'  shift 72
	IDENTIFIER  reduce 43

	LValue  goto 93
	Expr  goto 160
	Call  goto 95
	Super  goto 96
	Receiver  goto 88
	Constant  goto 89


state 124
	Expr : Expr LESS_EQUAL . Expr  (66)
	Receiver : .  (43)

	NULL  shift 47
	THIS  shift 48
	NEW  shift 54
	READ_INTEGER  shift 56
	READ_LINE  shift 57
	LITERAL  shift 58
	INSTANCEOF  shift 59
	'-'  shift 60
	'!'  shift 61
	'('  shift 62
	CASE  shift 64
	SUPER  shift 66
	DCOPY  shift 67
	SCOPY  shift 68
	'@'  shift 70
	'$'  shift 71
	'#'  shift 72
	IDENTIFIER  reduce 43

	LValue  goto 93
	Expr  goto 161
	Call  goto 95
	Super  goto 96
	Receiver  goto 88
	Constant  goto 89


state 125
	Expr : Expr GREATER_EQUAL . Expr  (67)
	Receiver : .  (43)

	NULL  shift 47
	THIS  shift 48
	NEW  shift 54
	READ_INTEGER  shift 56
	READ_LINE  shift 57
	LITERAL  shift 58
	INSTANCEOF  shift 59
	'-'  shift 60
	'!'  shift 61
	'('  shift 62
	CASE  shift 64
	SUPER  shift 66
	DCOPY  shift 67
	SCOPY  shift 68
	'@'  shift 70
	'$'  shift 71
	'#'  shift 72
	IDENTIFIER  reduce 43

	LValue  goto 93
	Expr  goto 162
	Call  goto 95
	Super  goto 96
	Receiver  goto 88
	Constant  goto 89


state 126
	Expr : Expr EQUAL . Expr  (62)
	Receiver : .  (43)

	NULL  shift 47
	THIS  shift 48
	NEW  shift 54
	READ_INTEGER  shift 56
	READ_LINE  shift 57
	LITERAL  shift 58
	INSTANCEOF  shift 59
	'-'  shift 60
	'!'  shift 61
	'('  shift 62
	CASE  shift 64
	SUPER  shift 66
	DCOPY  shift 67
	SCOPY  shift 68
	'@'  shift 70
	'$'  shift 71
	'#'  shift 72
	IDENTIFIER  reduce 43

	LValue  goto 93
	Expr  goto 163
	Call  goto 95
	Super  goto 96
	Receiver  goto 88
	Constant  goto 89


state 127
	Expr : Expr NOT_EQUAL . Expr  (63)
	Receiver : .  (43)

	NULL  shift 47
	THIS  shift 48
	NEW  shift 54
	READ_INTEGER  shift 56
	READ_LINE  shift 57
	LITERAL  shift 58
	INSTANCEOF  shift 59
	'-'  shift 60
	'!'  shift 61
	'('  shift 62
	CASE  shift 64
	SUPER  shift 66
	DCOPY  shift 67
	SCOPY  shift 68
	'@'  shift 70
	'$'  shift 71
	'#'  shift 72
	IDENTIFIER  reduce 43

	LValue  goto 93
	Expr  goto 164
	Call  goto 95
	Super  goto 96
	Receiver  goto 88
	Constant  goto 89


state 128
	Expr : Expr '+' . Expr  (57)
	Receiver : .  (43)

	NULL  shift 47
	THIS  shift 48
	NEW  shift 54
	READ_INTEGER  shift 56
	READ_LINE  shift 57
	LITERAL  shift 58
	INSTANCEOF  shift 59
	'-'  shift 60
	'!'  shift 61
	'('  shift 62
	CASE  shift 64
	SUPER  shift 66
	DCOPY  shift 67
	SCOPY  shift 68
	'@'  shift 70
	'$'  shift 71
	'#'  shift 72
	IDENTIFIER  reduce 43

	LValue  goto 93
	Expr  goto 165
	Call  goto 95
	Super  goto 96
	Receiver  goto 88
	Constant  goto 89


state 129
	Expr : Expr '-' . Expr  (58)
	Receiver : .  (43)

	NULL  shift 47
	THIS  shift 48
	NEW  shift 54
	READ_INTEGER  shift 56
	READ_LINE  shift 57
	LITERAL  shift 58
	INSTANCEOF  shift 59
	'-'  shift 60
	'!'  shift 61
	'('  shift 62
	CASE  shift 64
	SUPER  shift 66
	DCOPY  shift 67
	SCOPY  shift 68
	'@'  shift 70
	'$'  shift 71
	'#'  shift 72
	IDENTIFIER  reduce 43

	LValue  goto 93
	Expr  goto 166
	Call  goto 95
	Super  goto 96
	Receiver  goto 88
	Constant  goto 89


state 130
	Expr : Expr '*' . Expr  (59)
	Receiver : .  (43)

	NULL  shift 47
	THIS  shift 48
	NEW  shift 54
	READ_INTEGER  shift 56
	READ_LINE  shift 57
	LITERAL  shift 58
	INSTANCEOF  shift 59
	'-'  shift 60
	'!'  shift 61
	'('  shift 62
	CASE  shift 64
	SUPER  shift 66
	DCOPY  shift 67
	SCOPY  shift 68
	'@'  shift 70
	'$'  shift 71
	'#'  shift 72
	IDENTIFIER  reduce 43

	LValue  goto 93
	Expr  goto 167
	Call  goto 95
	Super  goto 96
	Receiver  goto 88
	Constant  goto 89


state 131
	Expr : Expr '/' . Expr  (60)
	Receiver : .  (43)

	NULL  shift 47
	THIS  shift 48
	NEW  shift 54
	READ_INTEGER  shift 56
	READ_LINE  shift 57
	LITERAL  shift 58
	INSTANCEOF  shift 59
	'-'  shift 60
	'!'  shift 61
	'('  shift 62
	CASE  shift 64
	SUPER  shift 66
	DCOPY  shift 67
	SCOPY  shift 68
	'@'  shift 70
	'$'  shift 71
	'#'  shift 72
	IDENTIFIER  reduce 43

	LValue  goto 93
	Expr  goto 168
	Call  goto 95
	Super  goto 96
	Receiver  goto 88
	Constant  goto 89


state 132
	Expr : Expr '%' . Expr  (61)
	Receiver : .  (43)

	NULL  shift 47
	THIS  shift 48
	NEW  shift 54
	READ_INTEGER  shift 56
	READ_LINE  shift 57
	LITERAL  shift 58
	INSTANCEOF  shift 59
	'-'  shift 60
	'!'  shift 61
	'('  shift 62
	CASE  shift 64
	SUPER  shift 66
	DCOPY  shift 67
	SCOPY  shift 68
	'@'  shift 70
	'$'  shift 71
	'#'  shift 72
	IDENTIFIER  reduce 43

	LValue  goto 93
	Expr  goto 169
	Call  goto 95
	Super  goto 96
	Receiver  goto 88
	Constant  goto 89


state 133
	Expr : Expr '>' . Expr  (65)
	Receiver : .  (43)

	NULL  shift 47
	THIS  shift 48
	NEW  shift 54
	READ_INTEGER  shift 56
	READ_LINE  shift 57
	LITERAL  shift 58
	INSTANCEOF  shift 59
	'-'  shift 60
	'!'  shift 61
	'('  shift 62
	CASE  shift 64
	SUPER  shift 66
	DCOPY  shift 67
	SCOPY  shift 68
	'@'  shift 70
	'$'  shift 71
	'#'  shift 72
	IDENTIFIER  reduce 43

	LValue  goto 93
	Expr  goto 170
	Call  goto 95
	Super  goto 96
	Receiver  goto 88
	Constant  goto 89


state 134
	Expr : Expr '<' . Expr  (64)
	Receiver : .  (43)

	NULL  shift 47
	THIS  shift 48
	NEW  shift 54
	READ_INTEGER  shift 56
	READ_LINE  shift 57
	LITERAL  shift 58
	INSTANCEOF  shift 59
	'-'  shift 60
	'!'  shift 61
	'('  shift 62
	CASE  shift 64
	SUPER  shift 66
	DCOPY  shift 67
	SCOPY  shift 68
	'@'  shift 70
	'$'  shift 71
	'#'  shift 72
	IDENTIFIER  reduce 43

	LValue  goto 93
	Expr  goto 171
	Call  goto 95
	Super  goto 96
	Receiver  goto 88
	Constant  goto 89


state 135
	Receiver : Expr '.' .  (42)

	.  reduce 42


state 136
	LValue : Expr '[' . Expr ']'  (45)
	Receiver : .  (43)

	NULL  shift 47
	THIS  shift 48
	NEW  shift 54
	READ_INTEGER  shift 56
	READ_LINE  shift 57
	LITERAL  shift 58
	INSTANCEOF  shift 59
	'-'  shift 60
	'!'  shift 61
	'('  shift 62
	CASE  shift 64
	SUPER  shift 66
	DCOPY  shift 67
	SCOPY  shift 68
	'@'  shift 70
	'$'  shift 71
	'#'  shift 72
	IDENTIFIER  reduce 43

	LValue  goto 93
	Expr  goto 172
	Call  goto 95
	Super  goto 96
	Receiver  goto 88
	Constant  goto 89


state 137
	LValue : Receiver IDENTIFIER .  (44)
	Call : Receiver IDENTIFIER . '(' Actuals ')'  (46)

	'('  shift 173
	AND  reduce 44
	OR  reduce 44
	LESS_EQUAL  reduce 44
	GREATER_EQUAL  reduce 44
	EQUAL  reduce 44
	NOT_EQUAL  reduce 44
	'+'  reduce 44
	'-'  reduce 44
	'*'  reduce 44
	'/'  reduce 44
	'%'  reduce 44
	'='  reduce 44
	'>'  reduce 44
	'<'  reduce 44
	'.'  reduce 44
	','  reduce 44
	';'  reduce 44
	')'  reduce 44
	'['  reduce 44
	']'  reduce 44
	':'  reduce 44


state 138
	Receiver : Expr . '.'  (42)
	LValue : Expr . '[' Expr ']'  (45)
	Expr : Expr . '+' Expr  (57)
	Expr : Expr . '-' Expr  (58)
	Expr : Expr . '*' Expr  (59)
	Expr : Expr . '/' Expr  (60)
	Expr : Expr . '%' Expr  (61)
	Expr : Expr . EQUAL Expr  (62)
	Expr : Expr . NOT_EQUAL Expr  (63)
	Expr : Expr . '<' Expr  (64)
	Expr : Expr . '>' Expr  (65)
	Expr : Expr . LESS_EQUAL Expr  (66)
	Expr : Expr . GREATER_EQUAL Expr  (67)
	Expr : Expr . AND Expr  (68)
	Expr : Expr . OR Expr  (69)
	WhileStmt : WHILE '(' Expr . ')' Stmt  (96)

	AND  shift 122
	OR  shift 123
	LESS_EQUAL  shift 124
	GREATER_EQUAL  shift 125
	EQUAL  shift 126
	NOT_EQUAL  shift 127
	'+'  shift 128
	'-'  shift 129
	'*'  shift 130
	'/'  shift 131
	'%'  shift 132
	'>'  shift 133
	'<'  shift 134
	'.'  shift 135
	')'  shift 174
	'['  shift 136
	.  error


state 139
	ForStmt : FOR '(' SimpleStmt . ';' Expr ';' SimpleStmt ')' Stmt  (97)

	';'  shift 175
	.  error


state 140
	Receiver : Expr . '.'  (42)
	LValue : Expr . '[' Expr ']'  (45)
	Expr : Expr . '+' Expr  (57)
	Expr : Expr . '-' Expr  (58)
	Expr : Expr . '*' Expr  (59)
	Expr : Expr . '/' Expr  (60)
	Expr : Expr . '%' Expr  (61)
	Expr : Expr . EQUAL Expr  (62)
	Expr : Expr . NOT_EQUAL Expr  (63)
	Expr : Expr . '<' Expr  (64)
	Expr : Expr . '>' Expr  (65)
	Expr : Expr . LESS_EQUAL Expr  (66)
	Expr : Expr . GREATER_EQUAL Expr  (67)
	Expr : Expr . AND Expr  (68)
	Expr : Expr . OR Expr  (69)
	IfStmt : IF '(' Expr . ')' Stmt ElseClause  (99)

	AND  shift 122
	OR  shift 123
	LESS_EQUAL  shift 124
	GREATER_EQUAL  shift 125
	EQUAL  shift 126
	NOT_EQUAL  shift 127
	'+'  shift 128
	'-'  shift 129
	'*'  shift 130
	'/'  shift 131
	'%'  shift 132
	'>'  shift 133
	'<'  shift 134
	'.'  shift 135
	')'  shift 176
	'['  shift 136
	.  error


state 141
	Expr : NEW IDENTIFIER '(' . ')'  (76)

	')'  shift 177
	.  error


state 142
	Type : Type '[' . ']'  (12)
	Expr : NEW Type '[' . Expr ']'  (77)
	Receiver : .  (43)

	NULL  shift 47
	THIS  shift 48
	NEW  shift 54
	READ_INTEGER  shift 56
	READ_LINE  shift 57
	LITERAL  shift 58
	INSTANCEOF  shift 59
	'-'  shift 60
	'!'  shift 61
	'('  shift 62
	']'  shift 31
	CASE  shift 64
	SUPER  shift 66
	DCOPY  shift 67
	SCOPY  shift 68
	'@'  shift 70
	'$'  shift 71
	'#'  shift 72
	IDENTIFIER  reduce 43

	LValue  goto 93
	Expr  goto 178
	Call  goto 95
	Super  goto 96
	Receiver  goto 88
	Constant  goto 89


state 143
	Receiver : Expr . '.'  (42)
	LValue : Expr . '[' Expr ']'  (45)
	Expr : Expr . '+' Expr  (57)
	Expr : Expr . '-' Expr  (58)
	Expr : Expr . '*' Expr  (59)
	Expr : Expr . '/' Expr  (60)
	Expr : Expr . '%' Expr  (61)
	Expr : Expr . EQUAL Expr  (62)
	Expr : Expr . NOT_EQUAL Expr  (63)
	Expr : Expr . '<' Expr  (64)
	Expr : Expr . '>' Expr  (65)
	Expr : Expr . LESS_EQUAL Expr  (66)
	Expr : Expr . GREATER_EQUAL Expr  (67)
	Expr : Expr . AND Expr  (68)
	Expr : Expr . OR Expr  (69)
	ExprList : Expr .  (90)

	AND  shift 122
	OR  shift 123
	LESS_EQUAL  shift 124
	GREATER_EQUAL  shift 125
	EQUAL  shift 126
	NOT_EQUAL  shift 127
	'+'  shift 128
	'-'  shift 129
	'*'  shift 130
	'/'  shift 131
	'%'  shift 132
	'>'  shift 133
	'<'  shift 134
	'.'  shift 135
	'['  shift 136
	','  reduce 90
	')'  reduce 90


state 144
	ExprList : ExprList . ',' Expr  (89)
	PrintStmt : PRINT '(' ExprList . ')'  (104)

	','  shift 179
	')'  shift 180
	.  error


state 145
	Expr : READ_INTEGER '(' ')' .  (73)

	.  reduce 73


state 146
	Expr : READ_LINE '(' ')' .  (74)

	.  reduce 74


state 147
	Receiver : Expr . '.'  (42)
	LValue : Expr . '[' Expr ']'  (45)
	Expr : Expr . '+' Expr  (57)
	Expr : Expr . '-' Expr  (58)
	Expr : Expr . '*' Expr  (59)
	Expr : Expr . '/' Expr  (60)
	Expr : Expr . '%' Expr  (61)
	Expr : Expr . EQUAL Expr  (62)
	Expr : Expr . NOT_EQUAL Expr  (63)
	Expr : Expr . '<' Expr  (64)
	Expr : Expr . '>' Expr  (65)
	Expr : Expr . LESS_EQUAL Expr  (66)
	Expr : Expr . GREATER_EQUAL Expr  (67)
	Expr : Expr . AND Expr  (68)
	Expr : Expr . OR Expr  (69)
	Expr : INSTANCEOF '(' Expr . ',' IDENTIFIER ')'  (78)

	AND  shift 122
	OR  shift 123
	LESS_EQUAL  shift 124
	GREATER_EQUAL  shift 125
	EQUAL  shift 126
	NOT_EQUAL  shift 127
	'+'  shift 128
	'-'  shift 129
	'*'  shift 130
	'/'  shift 131
	'%'  shift 132
	'>'  shift 133
	'<'  shift 134
	'.'  shift 135
	','  shift 181
	'['  shift 136
	.  error


state 148
	Expr : '(' CLASS IDENTIFIER . ')' Expr  (79)

	')'  shift 182
	.  error


state 149
	Expr : '(' Expr ')' .  (70)

	.  reduce 70


state 150
	Receiver : Expr . '.'  (42)
	LValue : Expr . '[' Expr ']'  (45)
	Expr : CASE '(' Expr . ')' '{' ACaseExprlist DefaultExpr '}'  (56)
	Expr : Expr . '+' Expr  (57)
	Expr : Expr . '-' Expr  (58)
	Expr : Expr . '*' Expr  (59)
	Expr : Expr . '/' Expr  (60)
	Expr : Expr . '%' Expr  (61)
	Expr : Expr . EQUAL Expr  (62)
	Expr : Expr . NOT_EQUAL Expr  (63)
	Expr : Expr . '<' Expr  (64)
	Expr : Expr . '>' Expr  (65)
	Expr : Expr . LESS_EQUAL Expr  (66)
	Expr : Expr . GREATER_EQUAL Expr  (67)
	Expr : Expr . AND Expr  (68)
	Expr : Expr . OR Expr  (69)

	AND  shift 122
	OR  shift 123
	LESS_EQUAL  shift 124
	GREATER_EQUAL  shift 125
	EQUAL  shift 126
	NOT_EQUAL  shift 127
	'+'  shift 128
	'-'  shift 129
	'*'  shift 130
	'/'  shift 131
	'%'  shift 132
	'>'  shift 133
	'<'  shift 134
	'.'  shift 135
	')'  shift 183
	'['  shift 136
	.  error


state 151
	ExprList : ExprList . ',' Expr  (89)
	PrintStmt : PRINTCOMP '(' ExprList . ')'  (105)

	','  shift 179
	')'  shift 184
	.  error


state 152
	Super : SUPER '.' IDENTIFIER . '(' Actuals ')'  (51)

	'('  shift 185
	.  error


state 153
	Receiver : Expr . '.'  (42)
	LValue : Expr . '[' Expr ']'  (45)
	Expr : Expr . '+' Expr  (57)
	Expr : Expr . '-' Expr  (58)
	Expr : Expr . '*' Expr  (59)
	Expr : Expr . '/' Expr  (60)
	Expr : Expr . '%' Expr  (61)
	Expr : Expr . EQUAL Expr  (62)
	Expr : Expr . NOT_EQUAL Expr  (63)
	Expr : Expr . '<' Expr  (64)
	Expr : Expr . '>' Expr  (65)
	Expr : Expr . LESS_EQUAL Expr  (66)
	Expr : Expr . GREATER_EQUAL Expr  (67)
	Expr : Expr . AND Expr  (68)
	Expr : Expr . OR Expr  (69)
	Expr : DCOPY '(' Expr . ')'  (83)

	AND  shift 122
	OR  shift 123
	LESS_EQUAL  shift 124
	GREATER_EQUAL  shift 125
	EQUAL  shift 126
	NOT_EQUAL  shift 127
	'+'  shift 128
	'-'  shift 129
	'*'  shift 130
	'/'  shift 131
	'%'  shift 132
	'>'  shift 133
	'<'  shift 134
	'.'  shift 135
	')'  shift 186
	'['  shift 136
	.  error


state 154
	Receiver : Expr . '.'  (42)
	LValue : Expr . '[' Expr ']'  (45)
	Expr : Expr . '+' Expr  (57)
	Expr : Expr . '-' Expr  (58)
	Expr : Expr . '*' Expr  (59)
	Expr : Expr . '/' Expr  (60)
	Expr : Expr . '%' Expr  (61)
	Expr : Expr . EQUAL Expr  (62)
	Expr : Expr . NOT_EQUAL Expr  (63)
	Expr : Expr . '<' Expr  (64)
	Expr : Expr . '>' Expr  (65)
	Expr : Expr . LESS_EQUAL Expr  (66)
	Expr : Expr . GREATER_EQUAL Expr  (67)
	Expr : Expr . AND Expr  (68)
	Expr : Expr . OR Expr  (69)
	Expr : SCOPY '(' Expr . ')'  (84)

	AND  shift 122
	OR  shift 123
	LESS_EQUAL  shift 124
	GREATER_EQUAL  shift 125
	EQUAL  shift 126
	NOT_EQUAL  shift 127
	'+'  shift 128
	'-'  shift 129
	'*'  shift 130
	'/'  shift 131
	'%'  shift 132
	'>'  shift 133
	'<'  shift 134
	'.'  shift 135
	')'  shift 187
	'['  shift 136
	.  error


state 155
	Receiver : Expr . '.'  (42)
	LValue : Expr . '[' Expr ']'  (45)
	Expr : Expr . '+' Expr  (57)
	Expr : Expr . '-' Expr  (58)
	Expr : Expr . '*' Expr  (59)
	Expr : Expr . '/' Expr  (60)
	Expr : Expr . '%' Expr  (61)
	Expr : Expr . EQUAL Expr  (62)
	Expr : Expr . NOT_EQUAL Expr  (63)
	Expr : Expr . '<' Expr  (64)
	Expr : Expr . '>' Expr  (65)
	Expr : Expr . LESS_EQUAL Expr  (66)
	Expr : Expr . GREATER_EQUAL Expr  (67)
	Expr : Expr . AND Expr  (68)
	Expr : Expr . OR Expr  (69)
	DoSubStmt : Expr . ':' Stmt  (91)

	AND  shift 122
	OR  shift 123
	LESS_EQUAL  shift 124
	GREATER_EQUAL  shift 125
	EQUAL  shift 126
	NOT_EQUAL  shift 127
	'+'  shift 128
	'-'  shift 129
	'*'  shift 130
	'/'  shift 131
	'%'  shift 132
	'>'  shift 133
	'<'  shift 134
	'.'  shift 135
	'['  shift 136
	':'  shift 188
	.  error


state 156
	DoBranch : DoSubStmt . DDD  (92)
	DoStmt : DDO DoBranchlist DoSubStmt . OOD  (95)

	OOD  shift 189
	DDD  shift 190
	.  error


state 157
	DoBranchlist : DoBranchlist DoBranch .  (93)

	.  reduce 93


state 158
	SimpleStmt : LValue '=' Expr .  (38)
	Receiver : Expr . '.'  (42)
	LValue : Expr . '[' Expr ']'  (45)
	Expr : Expr . '+' Expr  (57)
	Expr : Expr . '-' Expr  (58)
	Expr : Expr . '*' Expr  (59)
	Expr : Expr . '/' Expr  (60)
	Expr : Expr . '%' Expr  (61)
	Expr : Expr . EQUAL Expr  (62)
	Expr : Expr . NOT_EQUAL Expr  (63)
	Expr : Expr . '<' Expr  (64)
	Expr : Expr . '>' Expr  (65)
	Expr : Expr . LESS_EQUAL Expr  (66)
	Expr : Expr . GREATER_EQUAL Expr  (67)
	Expr : Expr . AND Expr  (68)
	Expr : Expr . OR Expr  (69)

	AND  shift 122
	OR  shift 123
	LESS_EQUAL  shift 124
	GREATER_EQUAL  shift 125
	EQUAL  shift 126
	NOT_EQUAL  shift 127
	'+'  shift 128
	'-'  shift 129
	'*'  shift 130
	'/'  shift 131
	'%'  shift 132
	'>'  shift 133
	'<'  shift 134
	'.'  shift 135
	'['  shift 136
	';'  reduce 38
	')'  reduce 38


state 159
	Receiver : Expr . '.'  (42)
	LValue : Expr . '[' Expr ']'  (45)
	Expr : Expr . '+' Expr  (57)
	Expr : Expr . '-' Expr  (58)
	Expr : Expr . '*' Expr  (59)
	Expr : Expr . '/' Expr  (60)
	Expr : Expr . '%' Expr  (61)
	Expr : Expr . EQUAL Expr  (62)
	Expr : Expr . NOT_EQUAL Expr  (63)
	Expr : Expr . '<' Expr  (64)
	Expr : Expr . '>' Expr  (65)
	Expr : Expr . LESS_EQUAL Expr  (66)
	Expr : Expr . GREATER_EQUAL Expr  (67)
	Expr : Expr . AND Expr  (68)
	Expr : Expr AND Expr .  (68)
	Expr : Expr . OR Expr  (69)

	LESS_EQUAL  shift 124
	GREATER_EQUAL  shift 125
	EQUAL  shift 126
	NOT_EQUAL  shift 127
	'+'  shift 128
	'-'  shift 129
	'*'  shift 130
	'/'  shift 131
	'%'  shift 132
	'>'  shift 133
	'<'  shift 134
	'.'  shift 135
	'['  shift 136
	AND  reduce 68
	OR  reduce 68
	','  reduce 68
	';'  reduce 68
	')'  reduce 68
	']'  reduce 68
	':'  reduce 68


state 160
	Receiver : Expr . '.'  (42)
	LValue : Expr . '[' Expr ']'  (45)
	Expr : Expr . '+' Expr  (57)
	Expr : Expr . '-' Expr  (58)
	Expr : Expr . '*' Expr  (59)
	Expr : Expr . '/' Expr  (60)
	Expr : Expr . '%' Expr  (61)
	Expr : Expr . EQUAL Expr  (62)
	Expr : Expr . NOT_EQUAL Expr  (63)
	Expr : Expr . '<' Expr  (64)
	Expr : Expr . '>' Expr  (65)
	Expr : Expr . LESS_EQUAL Expr  (66)
	Expr : Expr . GREATER_EQUAL Expr  (67)
	Expr : Expr . AND Expr  (68)
	Expr : Expr . OR Expr  (69)
	Expr : Expr OR Expr .  (69)

	AND  shift 122
	LESS_EQUAL  shift 124
	GREATER_EQUAL  shift 125
	EQUAL  shift 126
	NOT_EQUAL  shift 127
	'+'  shift 128
	'-'  shift 129
	'*'  shift 130
	'/'  shift 131
	'%'  shift 132
	'>'  shift 133
	'<'  shift 134
	'.'  shift 135
	'['  shift 136
	OR  reduce 69
	','  reduce 69
	';'  reduce 69
	')'  reduce 69
	']'  reduce 69
	':'  reduce 69


state 161
	Receiver : Expr . '.'  (42)
	LValue : Expr . '[' Expr ']'  (45)
	Expr : Expr . '+' Expr  (57)
	Expr : Expr . '-' Expr  (58)
	Expr : Expr . '*' Expr  (59)
	Expr : Expr . '/' Expr  (60)
	Expr : Expr . '%' Expr  (61)
	Expr : Expr . EQUAL Expr  (62)
	Expr : Expr . NOT_EQUAL Expr  (63)
	Expr : Expr . '<' Expr  (64)
	Expr : Expr . '>' Expr  (65)
	Expr : Expr . LESS_EQUAL Expr  (66)
	Expr : Expr LESS_EQUAL Expr .  (66)
	Expr : Expr . GREATER_EQUAL Expr  (67)
	Expr : Expr . AND Expr  (68)
	Expr : Expr . OR Expr  (69)

	'+'  shift 128
	'-'  shift 129
	'*'  shift 130
	'/'  shift 131
	'%'  shift 132
	'.'  shift 135
	'['  shift 136
	AND  reduce 66
	OR  reduce 66
	EQUAL  reduce 66
	NOT_EQUAL  reduce 66
	','  reduce 66
	';'  reduce 66
	')'  reduce 66
	']'  reduce 66
	':'  reduce 66


state 162
	Receiver : Expr . '.'  (42)
	LValue : Expr . '[' Expr ']'  (45)
	Expr : Expr . '+' Expr  (57)
	Expr : Expr . '-' Expr  (58)
	Expr : Expr . '*' Expr  (59)
	Expr : Expr . '/' Expr  (60)
	Expr : Expr . '%' Expr  (61)
	Expr : Expr . EQUAL Expr  (62)
	Expr : Expr . NOT_EQUAL Expr  (63)
	Expr : Expr . '<' Expr  (64)
	Expr : Expr . '>' Expr  (65)
	Expr : Expr . LESS_EQUAL Expr  (66)
	Expr : Expr . GREATER_EQUAL Expr  (67)
	Expr : Expr GREATER_EQUAL Expr .  (67)
	Expr : Expr . AND Expr  (68)
	Expr : Expr . OR Expr  (69)

	'+'  shift 128
	'-'  shift 129
	'*'  shift 130
	'/'  shift 131
	'%'  shift 132
	'.'  shift 135
	'['  shift 136
	AND  reduce 67
	OR  reduce 67
	EQUAL  reduce 67
	NOT_EQUAL  reduce 67
	','  reduce 67
	';'  reduce 67
	')'  reduce 67
	']'  reduce 67
	':'  reduce 67


state 163
	Receiver : Expr . '.'  (42)
	LValue : Expr . '[' Expr ']'  (45)
	Expr : Expr . '+' Expr  (57)
	Expr : Expr . '-' Expr  (58)
	Expr : Expr . '*' Expr  (59)
	Expr : Expr . '/' Expr  (60)
	Expr : Expr . '%' Expr  (61)
	Expr : Expr . EQUAL Expr  (62)
	Expr : Expr EQUAL Expr .  (62)
	Expr : Expr . NOT_EQUAL Expr  (63)
	Expr : Expr . '<' Expr  (64)
	Expr : Expr . '>' Expr  (65)
	Expr : Expr . LESS_EQUAL Expr  (66)
	Expr : Expr . GREATER_EQUAL Expr  (67)
	Expr : Expr . AND Expr  (68)
	Expr : Expr . OR Expr  (69)

	LESS_EQUAL  shift 124
	GREATER_EQUAL  shift 125
	'+'  shift 128
	'-'  shift 129
	'*'  shift 130
	'/'  shift 131
	'%'  shift 132
	'>'  shift 133
	'<'  shift 134
	'.'  shift 135
	'['  shift 136
	AND  reduce 62
	OR  reduce 62
	','  reduce 62
	';'  reduce 62
	')'  reduce 62
	']'  reduce 62
	':'  reduce 62


state 164
	Receiver : Expr . '.'  (42)
	LValue : Expr . '[' Expr ']'  (45)
	Expr : Expr . '+' Expr  (57)
	Expr : Expr . '-' Expr  (58)
	Expr : Expr . '*' Expr  (59)
	Expr : Expr . '/' Expr  (60)
	Expr : Expr . '%' Expr  (61)
	Expr : Expr . EQUAL Expr  (62)
	Expr : Expr . NOT_EQUAL Expr  (63)
	Expr : Expr NOT_EQUAL Expr .  (63)
	Expr : Expr . '<' Expr  (64)
	Expr : Expr . '>' Expr  (65)
	Expr : Expr . LESS_EQUAL Expr  (66)
	Expr : Expr . GREATER_EQUAL Expr  (67)
	Expr : Expr . AND Expr  (68)
	Expr : Expr . OR Expr  (69)

	LESS_EQUAL  shift 124
	GREATER_EQUAL  shift 125
	'+'  shift 128
	'-'  shift 129
	'*'  shift 130
	'/'  shift 131
	'%'  shift 132
	'>'  shift 133
	'<'  shift 134
	'.'  shift 135
	'['  shift 136
	AND  reduce 63
	OR  reduce 63
	','  reduce 63
	';'  reduce 63
	')'  reduce 63
	']'  reduce 63
	':'  reduce 63


state 165
	Receiver : Expr . '.'  (42)
	LValue : Expr . '[' Expr ']'  (45)
	Expr : Expr . '+' Expr  (57)
	Expr : Expr '+' Expr .  (57)
	Expr : Expr . '-' Expr  (58)
	Expr : Expr . '*' Expr  (59)
	Expr : Expr . '/' Expr  (60)
	Expr : Expr . '%' Expr  (61)
	Expr : Expr . EQUAL Expr  (62)
	Expr : Expr . NOT_EQUAL Expr  (63)
	Expr : Expr . '<' Expr  (64)
	Expr : Expr . '>' Expr  (65)
	Expr : Expr . LESS_EQUAL Expr  (66)
	Expr : Expr . GREATER_EQUAL Expr  (67)
	Expr : Expr . AND Expr  (68)
	Expr : Expr . OR Expr  (69)

	'*'  shift 130
	'/'  shift 131
	'%'  shift 132
	'.'  shift 135
	'['  shift 136
	AND  reduce 57
	OR  reduce 57
	LESS_EQUAL  reduce 57
	GREATER_EQUAL  reduce 57
	EQUAL  reduce 57
	NOT_EQUAL  reduce 57
	'+'  reduce 57
	'-'  reduce 57
	'>'  reduce 57
	'<'  reduce 57
	','  reduce 57
	';'  reduce 57
	')'  reduce 57
	']'  reduce 57
	':'  reduce 57


state 166
	Receiver : Expr . '.'  (42)
	LValue : Expr . '[' Expr ']'  (45)
	Expr : Expr . '+' Expr  (57)
	Expr : Expr . '-' Expr  (58)
	Expr : Expr '-' Expr .  (58)
	Expr : Expr . '*' Expr  (59)
	Expr : Expr . '/' Expr  (60)
	Expr : Expr . '%' Expr  (61)
	Expr : Expr . EQUAL Expr  (62)
	Expr : Expr . NOT_EQUAL Expr  (63)
	Expr : Expr . '<' Expr  (64)
	Expr : Expr . '>' Expr  (65)
	Expr : Expr . LESS_EQUAL Expr  (66)
	Expr : Expr . GREATER_EQUAL Expr  (67)
	Expr : Expr . AND Expr  (68)
	Expr : Expr . OR Expr  (69)

	'*'  shift 130
	'/'  shift 131
	'%'  shift 132
	'.'  shift 135
	'['  shift 136
	AND  reduce 58
	OR  reduce 58
	LESS_EQUAL  reduce 58
	GREATER_EQUAL  reduce 58
	EQUAL  reduce 58
	NOT_EQUAL  reduce 58
	'+'  reduce 58
	'-'  reduce 58
	'>'  reduce 58
	'<'  reduce 58
	','  reduce 58
	';'  reduce 58
	')'  reduce 58
	']'  reduce 58
	':'  reduce 58


state 167
	Receiver : Expr . '.'  (42)
	LValue : Expr . '[' Expr ']'  (45)
	Expr : Expr . '+' Expr  (57)
	Expr : Expr . '-' Expr  (58)
	Expr : Expr . '*' Expr  (59)
	Expr : Expr '*' Expr .  (59)
	Expr : Expr . '/' Expr  (60)
	Expr : Expr . '%' Expr  (61)
	Expr : Expr . EQUAL Expr  (62)
	Expr : Expr . NOT_EQUAL Expr  (63)
	Expr : Expr . '<' Expr  (64)
	Expr : Expr . '>' Expr  (65)
	Expr : Expr . LESS_EQUAL Expr  (66)
	Expr : Expr . GREATER_EQUAL Expr  (67)
	Expr : Expr . AND Expr  (68)
	Expr : Expr . OR Expr  (69)

	'.'  shift 135
	'['  shift 136
	AND  reduce 59
	OR  reduce 59
	LESS_EQUAL  reduce 59
	GREATER_EQUAL  reduce 59
	EQUAL  reduce 59
	NOT_EQUAL  reduce 59
	'+'  reduce 59
	'-'  reduce 59
	'*'  reduce 59
	'/'  reduce 59
	'%'  reduce 59
	'>'  reduce 59
	'<'  reduce 59
	','  reduce 59
	';'  reduce 59
	')'  reduce 59
	']'  reduce 59
	':'  reduce 59


state 168
	Receiver : Expr . '.'  (42)
	LValue : Expr . '[' Expr ']'  (45)
	Expr : Expr . '+' Expr  (57)
	Expr : Expr . '-' Expr  (58)
	Expr : Expr . '*' Expr  (59)
	Expr : Expr . '/' Expr  (60)
	Expr : Expr '/' Expr .  (60)
	Expr : Expr . '%' Expr  (61)
	Expr : Expr . EQUAL Expr  (62)
	Expr : Expr . NOT_EQUAL Expr  (63)
	Expr : Expr . '<' Expr  (64)
	Expr : Expr . '>' Expr  (65)
	Expr : Expr . LESS_EQUAL Expr  (66)
	Expr : Expr . GREATER_EQUAL Expr  (67)
	Expr : Expr . AND Expr  (68)
	Expr : Expr . OR Expr  (69)

	'.'  shift 135
	'['  shift 136
	AND  reduce 60
	OR  reduce 60
	LESS_EQUAL  reduce 60
	GREATER_EQUAL  reduce 60
	EQUAL  reduce 60
	NOT_EQUAL  reduce 60
	'+'  reduce 60
	'-'  reduce 60
	'*'  reduce 60
	'/'  reduce 60
	'%'  reduce 60
	'>'  reduce 60
	'<'  reduce 60
	','  reduce 60
	';'  reduce 60
	')'  reduce 60
	']'  reduce 60
	':'  reduce 60


state 169
	Receiver : Expr . '.'  (42)
	LValue : Expr . '[' Expr ']'  (45)
	Expr : Expr . '+' Expr  (57)
	Expr : Expr . '-' Expr  (58)
	Expr : Expr . '*' Expr  (59)
	Expr : Expr . '/' Expr  (60)
	Expr : Expr . '%' Expr  (61)
	Expr : Expr '%' Expr .  (61)
	Expr : Expr . EQUAL Expr  (62)
	Expr : Expr . NOT_EQUAL Expr  (63)
	Expr : Expr . '<' Expr  (64)
	Expr : Expr . '>' Expr  (65)
	Expr : Expr . LESS_EQUAL Expr  (66)
	Expr : Expr . GREATER_EQUAL Expr  (67)
	Expr : Expr . AND Expr  (68)
	Expr : Expr . OR Expr  (69)

	'.'  shift 135
	'['  shift 136
	AND  reduce 61
	OR  reduce 61
	LESS_EQUAL  reduce 61
	GREATER_EQUAL  reduce 61
	EQUAL  reduce 61
	NOT_EQUAL  reduce 61
	'+'  reduce 61
	'-'  reduce 61
	'*'  reduce 61
	'/'  reduce 61
	'%'  reduce 61
	'>'  reduce 61
	'<'  reduce 61
	','  reduce 61
	';'  reduce 61
	')'  reduce 61
	']'  reduce 61
	':'  reduce 61


state 170
	Receiver : Expr . '.'  (42)
	LValue : Expr . '[' Expr ']'  (45)
	Expr : Expr . '+' Expr  (57)
	Expr : Expr . '-' Expr  (58)
	Expr : Expr . '*' Expr  (59)
	Expr : Expr . '/' Expr  (60)
	Expr : Expr . '%' Expr  (61)
	Expr : Expr . EQUAL Expr  (62)
	Expr : Expr . NOT_EQUAL Expr  (63)
	Expr : Expr . '<' Expr  (64)
	Expr : Expr . '>' Expr  (65)
	Expr : Expr '>' Expr .  (65)
	Expr : Expr . LESS_EQUAL Expr  (66)
	Expr : Expr . GREATER_EQUAL Expr  (67)
	Expr : Expr . AND Expr  (68)
	Expr : Expr . OR Expr  (69)

	'+'  shift 128
	'-'  shift 129
	'*'  shift 130
	'/'  shift 131
	'%'  shift 132
	'.'  shift 135
	'['  shift 136
	AND  reduce 65
	OR  reduce 65
	EQUAL  reduce 65
	NOT_EQUAL  reduce 65
	','  reduce 65
	';'  reduce 65
	')'  reduce 65
	']'  reduce 65
	':'  reduce 65


state 171
	Receiver : Expr . '.'  (42)
	LValue : Expr . '[' Expr ']'  (45)
	Expr : Expr . '+' Expr  (57)
	Expr : Expr . '-' Expr  (58)
	Expr : Expr . '*' Expr  (59)
	Expr : Expr . '/' Expr  (60)
	Expr : Expr . '%' Expr  (61)
	Expr : Expr . EQUAL Expr  (62)
	Expr : Expr . NOT_EQUAL Expr  (63)
	Expr : Expr . '<' Expr  (64)
	Expr : Expr '<' Expr .  (64)
	Expr : Expr . '>' Expr  (65)
	Expr : Expr . LESS_EQUAL Expr  (66)
	Expr : Expr . GREATER_EQUAL Expr  (67)
	Expr : Expr . AND Expr  (68)
	Expr : Expr . OR Expr  (69)

	'+'  shift 128
	'-'  shift 129
	'*'  shift 130
	'/'  shift 131
	'%'  shift 132
	'.'  shift 135
	'['  shift 136
	AND  reduce 64
	OR  reduce 64
	EQUAL  reduce 64
	NOT_EQUAL  reduce 64
	','  reduce 64
	';'  reduce 64
	')'  reduce 64
	']'  reduce 64
	':'  reduce 64


state 172
	Receiver : Expr . '.'  (42)
	LValue : Expr . '[' Expr ']'  (45)
	LValue : Expr '[' Expr . ']'  (45)
	Expr : Expr . '+' Expr  (57)
	Expr : Expr . '-' Expr  (58)
	Expr : Expr . '*' Expr  (59)
	Expr : Expr . '/' Expr  (60)
	Expr : Expr . '%' Expr  (61)
	Expr : Expr . EQUAL Expr  (62)
	Expr : Expr . NOT_EQUAL Expr  (63)
	Expr : Expr . '<' Expr  (64)
	Expr : Expr . '>' Expr  (65)
	Expr : Expr . LESS_EQUAL Expr  (66)
	Expr : Expr . GREATER_EQUAL Expr  (67)
	Expr : Expr . AND Expr  (68)
	Expr : Expr . OR Expr  (69)

	AND  shift 122
	OR  shift 123
	LESS_EQUAL  shift 124
	GREATER_EQUAL  shift 125
	EQUAL  shift 126
	NOT_EQUAL  shift 127
	'+'  shift 128
	'-'  shift 129
	'*'  shift 130
	'/'  shift 131
	'%'  shift 132
	'>'  shift 133
	'<'  shift 134
	'.'  shift 135
	'['  shift 136
	']'  shift 191
	.  error


state 173
	Call : Receiver IDENTIFIER '(' . Actuals ')'  (46)
	Receiver : .  (43)
	Actuals : .  (88)

	NULL  shift 47
	THIS  shift 48
	NEW  shift 54
	READ_INTEGER  shift 56
	READ_LINE  shift 57
	LITERAL  shift 58
	INSTANCEOF  shift 59
	'-'  shift 60
	'!'  shift 61
	'('  shift 62
	CASE  shift 64
	SUPER  shift 66
	DCOPY  shift 67
	SCOPY  shift 68
	'@'  shift 70
	'$'  shift 71
	'#'  shift 72
	IDENTIFIER  reduce 43
	')'  reduce 88

	LValue  goto 93
	Expr  goto 143
	Call  goto 95
	Super  goto 96
	Receiver  goto 88
	Actuals  goto 192
	Constant  goto 89
	ExprList  goto 193


state 174
	WhileStmt : WHILE '(' Expr ')' . Stmt  (96)
	SimpleStmt : .  (41)
	Receiver : .  (43)

	VOID  shift 12
	BOOL  shift 13
	INT  shift 14
	STRING  shift 15
	CLASS  shift 16
	NULL  shift 47
	THIS  shift 48
	WHILE  shift 49
	FOR  shift 50
	IF  shift 51
	RETURN  shift 52
	BREAK  shift 53
	NEW  shift 54
	PRINT  shift 55
	READ_INTEGER  shift 56
	READ_LINE  shift 57
	LITERAL  shift 58
	INSTANCEOF  shift 59
	'-'  shift 60
	'!'  shift 61
	'('  shift 62
	'{'  shift 42
	COMPLEX  shift 19
	CASE  shift 64
	PRINTCOMP  shift 65
	SUPER  shift 66
	DCOPY  shift 67
	SCOPY  shift 68
	DDO  shift 69
	'@'  shift 70
	'$'  shift 71
	'#'  shift 72
	IDENTIFIER  reduce 43
	';'  reduce 41

	VariableDef  goto 73
	Variable  goto 21
	Type  goto 34
	StmtBlock  goto 74
	Stmt  goto 194
	SimpleStmt  goto 76
	IfStmt  goto 77
	DoStmt  goto 78
	WhileStmt  goto 79
	ForStmt  goto 80
	ReturnStmt  goto 81
	PrintStmt  goto 82
	BreakStmt  goto 83
	LValue  goto 84
	Expr  goto 85
	Call  goto 86
	Super  goto 87
	Receiver  goto 88
	Constant  goto 89


state 175
	ForStmt : FOR '(' SimpleStmt ';' . Expr ';' SimpleStmt ')' Stmt  (97)
	Receiver : .  (43)

	NULL  shift 47
	THIS  shift 48
	NEW  shift 54
	READ_INTEGER  shift 56
	READ_LINE  shift 57
	LITERAL  shift 58
	INSTANCEOF  shift 59
	'-'  shift 60
	'!'  shift 61
	'('  shift 62
	CASE  shift 64
	SUPER  shift 66
	DCOPY  shift 67
	SCOPY  shift 68
	'@'  shift 70
	'$'  shift 71
	'#'  shift 72
	IDENTIFIER  reduce 43

	LValue  goto 93
	Expr  goto 195
	Call  goto 95
	Super  goto 96
	Receiver  goto 88
	Constant  goto 89


state 176
	IfStmt : IF '(' Expr ')' . Stmt ElseClause  (99)
	SimpleStmt : .  (41)
	Receiver : .  (43)

	VOID  shift 12
	BOOL  shift 13
	INT  shift 14
	STRING  shift 15
	CLASS  shift 16
	NULL  shift 47
	THIS  shift 48
	WHILE  shift 49
	FOR  shift 50
	IF  shift 51
	RETURN  shift 52
	BREAK  shift 53
	NEW  shift 54
	PRINT  shift 55
	READ_INTEGER  shift 56
	READ_LINE  shift 57
	LITERAL  shift 58
	INSTANCEOF  shift 59
	'-'  shift 60
	'!'  shift 61
	'('  shift 62
	'{'  shift 42
	COMPLEX  shift 19
	CASE  shift 64
	PRINTCOMP  shift 65
	SUPER  shift 66
	DCOPY  shift 67
	SCOPY  shift 68
	DDO  shift 69
	'@'  shift 70
	'$'  shift 71
	'#'  shift 72
	IDENTIFIER  reduce 43
	';'  reduce 41

	VariableDef  goto 73
	Variable  goto 21
	Type  goto 34
	StmtBlock  goto 74
	Stmt  goto 196
	SimpleStmt  goto 76
	IfStmt  goto 77
	DoStmt  goto 78
	WhileStmt  goto 79
	ForStmt  goto 80
	ReturnStmt  goto 81
	PrintStmt  goto 82
	BreakStmt  goto 83
	LValue  goto 84
	Expr  goto 85
	Call  goto 86
	Super  goto 87
	Receiver  goto 88
	Constant  goto 89


state 177
	Expr : NEW IDENTIFIER '(' ')' .  (76)

	.  reduce 76


state 178
	Receiver : Expr . '.'  (42)
	LValue : Expr . '[' Expr ']'  (45)
	Expr : Expr . '+' Expr  (57)
	Expr : Expr . '-' Expr  (58)
	Expr : Expr . '*' Expr  (59)
	Expr : Expr . '/' Expr  (60)
	Expr : Expr . '%' Expr  (61)
	Expr : Expr . EQUAL Expr  (62)
	Expr : Expr . NOT_EQUAL Expr  (63)
	Expr : Expr . '<' Expr  (64)
	Expr : Expr . '>' Expr  (65)
	Expr : Expr . LESS_EQUAL Expr  (66)
	Expr : Expr . GREATER_EQUAL Expr  (67)
	Expr : Expr . AND Expr  (68)
	Expr : Expr . OR Expr  (69)
	Expr : NEW Type '[' Expr . ']'  (77)

	AND  shift 122
	OR  shift 123
	LESS_EQUAL  shift 124
	GREATER_EQUAL  shift 125
	EQUAL  shift 126
	NOT_EQUAL  shift 127
	'+'  shift 128
	'-'  shift 129
	'*'  shift 130
	'/'  shift 131
	'%'  shift 132
	'>'  shift 133
	'<'  shift 134
	'.'  shift 135
	'['  shift 136
	']'  shift 197
	.  error


state 179
	ExprList : ExprList ',' . Expr  (89)
	Receiver : .  (43)

	NULL  shift 47
	THIS  shift 48
	NEW  shift 54
	READ_INTEGER  shift 56
	READ_LINE  shift 57
	LITERAL  shift 58
	INSTANCEOF  shift 59
	'-'  shift 60
	'!'  shift 61
	'('  shift 62
	CASE  shift 64
	SUPER  shift 66
	DCOPY  shift 67
	SCOPY  shift 68
	'@'  shift 70
	'$'  shift 71
	'#'  shift 72
	IDENTIFIER  reduce 43

	LValue  goto 93
	Expr  goto 198
	Call  goto 95
	Super  goto 96
	Receiver  goto 88
	Constant  goto 89


state 180
	PrintStmt : PRINT '(' ExprList ')' .  (104)

	.  reduce 104


state 181
	Expr : INSTANCEOF '(' Expr ',' . IDENTIFIER ')'  (78)

	IDENTIFIER  shift 199
	.  error


state 182
	Expr : '(' CLASS IDENTIFIER ')' . Expr  (79)
	Receiver : .  (43)

	NULL  shift 47
	THIS  shift 48
	NEW  shift 54
	READ_INTEGER  shift 56
	READ_LINE  shift 57
	LITERAL  shift 58
	INSTANCEOF  shift 59
	'-'  shift 60
	'!'  shift 61
	'('  shift 62
	CASE  shift 64
	SUPER  shift 66
	DCOPY  shift 67
	SCOPY  shift 68
	'@'  shift 70
	'$'  shift 71
	'#'  shift 72
	IDENTIFIER  reduce 43

	LValue  goto 93
	Expr  goto 200
	Call  goto 95
	Super  goto 96
	Receiver  goto 88
	Constant  goto 89


state 183
	Expr : CASE '(' Expr ')' . '{' ACaseExprlist DefaultExpr '}'  (56)

	'{'  shift 201
	.  error


state 184
	PrintStmt : PRINTCOMP '(' ExprList ')' .  (105)

	.  reduce 105


state 185
	Super : SUPER '.' IDENTIFIER '(' . Actuals ')'  (51)
	Receiver : .  (43)
	Actuals : .  (88)

	NULL  shift 47
	THIS  shift 48
	NEW  shift 54
	READ_INTEGER  shift 56
	READ_LINE  shift 57
	LITERAL  shift 58
	INSTANCEOF  shift 59
	'-'  shift 60
	'!'  shift 61
	'('  shift 62
	CASE  shift 64
	SUPER  shift 66
	DCOPY  shift 67
	SCOPY  shift 68
	'@'  shift 70
	'$'  shift 71
	'#'  shift 72
	IDENTIFIER  reduce 43
	')'  reduce 88

	LValue  goto 93
	Expr  goto 143
	Call  goto 95
	Super  goto 96
	Receiver  goto 88
	Actuals  goto 202
	Constant  goto 89
	ExprList  goto 193


state 186
	Expr : DCOPY '(' Expr ')' .  (83)

	.  reduce 83


state 187
	Expr : SCOPY '(' Expr ')' .  (84)

	.  reduce 84


state 188
	DoSubStmt : Expr ':' . Stmt  (91)
	SimpleStmt : .  (41)
	Receiver : .  (43)

	VOID  shift 12
	BOOL  shift 13
	INT  shift 14
	STRING  shift 15
	CLASS  shift 16
	NULL  shift 47
	THIS  shift 48
	WHILE  shift 49
	FOR  shift 50
	IF  shift 51
	RETURN  shift 52
	BREAK  shift 53
	NEW  shift 54
	PRINT  shift 55
	READ_INTEGER  shift 56
	READ_LINE  shift 57
	LITERAL  shift 58
	INSTANCEOF  shift 59
	'-'  shift 60
	'!'  shift 61
	'('  shift 62
	'{'  shift 42
	COMPLEX  shift 19
	CASE  shift 64
	PRINTCOMP  shift 65
	SUPER  shift 66
	DCOPY  shift 67
	SCOPY  shift 68
	DDO  shift 69
	'@'  shift 70
	'$'  shift 71
	'#'  shift 72
	IDENTIFIER  reduce 43
	';'  reduce 41

	VariableDef  goto 73
	Variable  goto 21
	Type  goto 34
	StmtBlock  goto 74
	Stmt  goto 203
	SimpleStmt  goto 76
	IfStmt  goto 77
	DoStmt  goto 78
	WhileStmt  goto 79
	ForStmt  goto 80
	ReturnStmt  goto 81
	PrintStmt  goto 82
	BreakStmt  goto 83
	LValue  goto 84
	Expr  goto 85
	Call  goto 86
	Super  goto 87
	Receiver  goto 88
	Constant  goto 89


state 189
	DoStmt : DDO DoBranchlist DoSubStmt OOD .  (95)

	.  reduce 95


state 190
	DoBranch : DoSubStmt DDD .  (92)

	.  reduce 92


state 191
	LValue : Expr '[' Expr ']' .  (45)

	.  reduce 45


state 192
	Call : Receiver IDENTIFIER '(' Actuals . ')'  (46)

	')'  shift 204
	.  error


state 193
	Actuals : ExprList .  (87)
	ExprList : ExprList . ',' Expr  (89)

	','  shift 179
	')'  reduce 87


state 194
	WhileStmt : WHILE '(' Expr ')' Stmt .  (96)

	.  reduce 96


state 195
	Receiver : Expr . '.'  (42)
	LValue : Expr . '[' Expr ']'  (45)
	Expr : Expr . '+' Expr  (57)
	Expr : Expr . '-' Expr  (58)
	Expr : Expr . '*' Expr  (59)
	Expr : Expr . '/' Expr  (60)
	Expr : Expr . '%' Expr  (61)
	Expr : Expr . EQUAL Expr  (62)
	Expr : Expr . NOT_EQUAL Expr  (63)
	Expr : Expr . '<' Expr  (64)
	Expr : Expr . '>' Expr  (65)
	Expr : Expr . LESS_EQUAL Expr  (66)
	Expr : Expr . GREATER_EQUAL Expr  (67)
	Expr : Expr . AND Expr  (68)
	Expr : Expr . OR Expr  (69)
	ForStmt : FOR '(' SimpleStmt ';' Expr . ';' SimpleStmt ')' Stmt  (97)

	AND  shift 122
	OR  shift 123
	LESS_EQUAL  shift 124
	GREATER_EQUAL  shift 125
	EQUAL  shift 126
	NOT_EQUAL  shift 127
	'+'  shift 128
	'-'  shift 129
	'*'  shift 130
	'/'  shift 131
	'%'  shift 132
	'>'  shift 133
	'<'  shift 134
	'.'  shift 135
	';'  shift 205
	'['  shift 136
	.  error


state 196
	IfStmt : IF '(' Expr ')' Stmt . ElseClause  (99)
	ElseClause : .  (101)

	ELSE  shift 206
	VOID  reduce 101
	BOOL  reduce 101
	INT  reduce 101
	STRING  reduce 101
	CLASS  reduce 101
	NULL  reduce 101
	THIS  reduce 101
	WHILE  reduce 101
	FOR  reduce 101
	IF  reduce 101
	RETURN  reduce 101
	BREAK  reduce 101
	NEW  reduce 101
	PRINT  reduce 101
	READ_INTEGER  reduce 101
	READ_LINE  reduce 101
	LITERAL  reduce 101
	IDENTIFIER  reduce 101
	INSTANCEOF  reduce 101
	'-'  reduce 101
	';'  reduce 101
	'!'  reduce 101
	'('  reduce 101
	'{'  reduce 101
	'}'  reduce 101
	COMPLEX  reduce 101
	CASE  reduce 101
	PRINTCOMP  reduce 101
	SUPER  reduce 101
	DCOPY  reduce 101
	SCOPY  reduce 101
	DDO  reduce 101
	OOD  reduce 101
	DDD  reduce 101
	'@'  reduce 101
	'$'  reduce 101
	'#'  reduce 101

	ElseClause  goto 207


state 197
	Expr : NEW Type '[' Expr ']' .  (77)

	.  reduce 77


state 198
	Receiver : Expr . '.'  (42)
	LValue : Expr . '[' Expr ']'  (45)
	Expr : Expr . '+' Expr  (57)
	Expr : Expr . '-' Expr  (58)
	Expr : Expr . '*' Expr  (59)
	Expr : Expr . '/' Expr  (60)
	Expr : Expr . '%' Expr  (61)
	Expr : Expr . EQUAL Expr  (62)
	Expr : Expr . NOT_EQUAL Expr  (63)
	Expr : Expr . '<' Expr  (64)
	Expr : Expr . '>' Expr  (65)
	Expr : Expr . LESS_EQUAL Expr  (66)
	Expr : Expr . GREATER_EQUAL Expr  (67)
	Expr : Expr . AND Expr  (68)
	Expr : Expr . OR Expr  (69)
	ExprList : ExprList ',' Expr .  (89)

	AND  shift 122
	OR  shift 123
	LESS_EQUAL  shift 124
	GREATER_EQUAL  shift 125
	EQUAL  shift 126
	NOT_EQUAL  shift 127
	'+'  shift 128
	'-'  shift 129
	'*'  shift 130
	'/'  shift 131
	'%'  shift 132
	'>'  shift 133
	'<'  shift 134
	'.'  shift 135
	'['  shift 136
	','  reduce 89
	')'  reduce 89


state 199
	Expr : INSTANCEOF '(' Expr ',' IDENTIFIER . ')'  (78)

	')'  shift 208
	.  error


state 200
	Receiver : Expr . '.'  (42)
	LValue : Expr . '[' Expr ']'  (45)
	Expr : Expr . '+' Expr  (57)
	Expr : Expr . '-' Expr  (58)
	Expr : Expr . '*' Expr  (59)
	Expr : Expr . '/' Expr  (60)
	Expr : Expr . '%' Expr  (61)
	Expr : Expr . EQUAL Expr  (62)
	Expr : Expr . NOT_EQUAL Expr  (63)
	Expr : Expr . '<' Expr  (64)
	Expr : Expr . '>' Expr  (65)
	Expr : Expr . LESS_EQUAL Expr  (66)
	Expr : Expr . GREATER_EQUAL Expr  (67)
	Expr : Expr . AND Expr  (68)
	Expr : Expr . OR Expr  (69)
	Expr : '(' CLASS IDENTIFIER ')' Expr .  (79)

	.  reduce 79


state 201
	Expr : CASE '(' Expr ')' '{' . ACaseExprlist DefaultExpr '}'  (56)
	ACaseExprlist : .  (50)

	NULL  shift 47
	LITERAL  shift 58
	DEFULT  reduce 50

	ACaseExpr  goto 209
	Constant  goto 210
	ACaseExprlist  goto 211


state 202
	Super : SUPER '.' IDENTIFIER '(' Actuals . ')'  (51)

	')'  shift 212
	.  error


state 203
	DoSubStmt : Expr ':' Stmt .  (91)

	.  reduce 91


state 204
	Call : Receiver IDENTIFIER '(' Actuals ')' .  (46)

	.  reduce 46


state 205
	ForStmt : FOR '(' SimpleStmt ';' Expr ';' . SimpleStmt ')' Stmt  (97)
	SimpleStmt : .  (41)
	Receiver : .  (43)

	NULL  shift 47
	THIS  shift 48
	NEW  shift 54
	READ_INTEGER  shift 56
	READ_LINE  shift 57
	LITERAL  shift 58
	INSTANCEOF  shift 59
	'-'  shift 60
	'!'  shift 61
	'('  shift 62
	CASE  shift 64
	SUPER  shift 66
	DCOPY  shift 67
	SCOPY  shift 68
	'@'  shift 70
	'$'  shift 71
	'#'  shift 72
	IDENTIFIER  reduce 43
	')'  reduce 41

	SimpleStmt  goto 213
	LValue  goto 84
	Expr  goto 85
	Call  goto 86
	Super  goto 87
	Receiver  goto 88
	Constant  goto 89


state 206
	ElseClause : ELSE . Stmt  (100)
	SimpleStmt : .  (41)
	Receiver : .  (43)

	VOID  shift 12
	BOOL  shift 13
	INT  shift 14
	STRING  shift 15
	CLASS  shift 16
	NULL  shift 47
	THIS  shift 48
	WHILE  shift 49
	FOR  shift 50
	IF  shift 51
	RETURN  shift 52
	BREAK  shift 53
	NEW  shift 54
	PRINT  shift 55
	READ_INTEGER  shift 56
	READ_LINE  shift 57
	LITERAL  shift 58
	INSTANCEOF  shift 59
	'-'  shift 60
	'!'  shift 61
	'('  shift 62
	'{'  shift 42
	COMPLEX  shift 19
	CASE  shift 64
	PRINTCOMP  shift 65
	SUPER  shift 66
	DCOPY  shift 67
	SCOPY  shift 68
	DDO  shift 69
	'@'  shift 70
	'$'  shift 71
	'#'  shift 72
	IDENTIFIER  reduce 43
	';'  reduce 41

	VariableDef  goto 73
	Variable  goto 21
	Type  goto 34
	StmtBlock  goto 74
	Stmt  goto 214
	SimpleStmt  goto 76
	IfStmt  goto 77
	DoStmt  goto 78
	WhileStmt  goto 79
	ForStmt  goto 80
	ReturnStmt  goto 81
	PrintStmt  goto 82
	BreakStmt  goto 83
	LValue  goto 84
	Expr  goto 85
	Call  goto 86
	Super  goto 87
	Receiver  goto 88
	Constant  goto 89


state 207
	IfStmt : IF '(' Expr ')' Stmt ElseClause .  (99)

	.  reduce 99


state 208
	Expr : INSTANCEOF '(' Expr ',' IDENTIFIER ')' .  (78)

	.  reduce 78


state 209
	ACaseExprlist : ACaseExpr . ACaseExprlist  (49)
	ACaseExprlist : .  (50)

	NULL  shift 47
	LITERAL  shift 58
	DEFULT  reduce 50

	ACaseExpr  goto 209
	Constant  goto 210
	ACaseExprlist  goto 215


state 210
	ACaseExpr : Constant . ':' Expr ';'  (47)

	':'  shift 216
	.  error


state 211
	Expr : CASE '(' Expr ')' '{' ACaseExprlist . DefaultExpr '}'  (56)

	DEFULT  shift 217
	.  error

	DefaultExpr  goto 218


state 212
	Super : SUPER '.' IDENTIFIER '(' Actuals ')' .  (51)

	.  reduce 51


state 213
	ForStmt : FOR '(' SimpleStmt ';' Expr ';' SimpleStmt . ')' Stmt  (97)

	')'  shift 219
	.  error


state 214
	ElseClause : ELSE Stmt .  (100)

	.  reduce 100


state 215
	ACaseExprlist : ACaseExpr ACaseExprlist .  (49)

	.  reduce 49


state 216
	ACaseExpr : Constant ':' . Expr ';'  (47)
	Receiver : .  (43)

	NULL  shift 47
	THIS  shift 48
	NEW  shift 54
	READ_INTEGER  shift 56
	READ_LINE  shift 57
	LITERAL  shift 58
	INSTANCEOF  shift 59
	'-'  shift 60
	'!'  shift 61
	'('  shift 62
	CASE  shift 64
	SUPER  shift 66
	DCOPY  shift 67
	SCOPY  shift 68
	'@'  shift 70
	'$'  shift 71
	'#'  shift 72
	IDENTIFIER  reduce 43

	LValue  goto 93
	Expr  goto 220
	Call  goto 95
	Super  goto 96
	Receiver  goto 88
	Constant  goto 89


state 217
	DefaultExpr : DEFULT . ':' Expr ';'  (48)

	':'  shift 221
	.  error


state 218
	Expr : CASE '(' Expr ')' '{' ACaseExprlist DefaultExpr . '}'  (56)

	'}'  shift 222
	.  error


state 219
	ForStmt : FOR '(' SimpleStmt ';' Expr ';' SimpleStmt ')' . Stmt  (97)
	SimpleStmt : .  (41)
	Receiver : .  (43)

	VOID  shift 12
	BOOL  shift 13
	INT  shift 14
	STRING  shift 15
	CLASS  shift 16
	NULL  shift 47
	THIS  shift 48
	WHILE  shift 49
	FOR  shift 50
	IF  shift 51
	RETURN  shift 52
	BREAK  shift 53
	NEW  shift 54
	PRINT  shift 55
	READ_INTEGER  shift 56
	READ_LINE  shift 57
	LITERAL  shift 58
	INSTANCEOF  shift 59
	'-'  shift 60
	'!'  shift 61
	'('  shift 62
	'{'  shift 42
	COMPLEX  shift 19
	CASE  shift 64
	PRINTCOMP  shift 65
	SUPER  shift 66
	DCOPY  shift 67
	SCOPY  shift 68
	DDO  shift 69
	'@'  shift 70
	'$'  shift 71
	'#'  shift 72
	IDENTIFIER  reduce 43
	';'  reduce 41

	VariableDef  goto 73
	Variable  goto 21
	Type  goto 34
	StmtBlock  goto 74
	Stmt  goto 223
	SimpleStmt  goto 76
	IfStmt  goto 77
	DoStmt  goto 78
	WhileStmt  goto 79
	ForStmt  goto 80
	ReturnStmt  goto 81
	PrintStmt  goto 82
	BreakStmt  goto 83
	LValue  goto 84
	Expr  goto 85
	Call  goto 86
	Super  goto 87
	Receiver  goto 88
	Constant  goto 89


state 220
	Receiver : Expr . '.'  (42)
	LValue : Expr . '[' Expr ']'  (45)
	ACaseExpr : Constant ':' Expr . ';'  (47)
	Expr : Expr . '+' Expr  (57)
	Expr : Expr . '-' Expr  (58)
	Expr : Expr . '*' Expr  (59)
	Expr : Expr . '/' Expr  (60)
	Expr : Expr . '%' Expr  (61)
	Expr : Expr . EQUAL Expr  (62)
	Expr : Expr . NOT_EQUAL Expr  (63)
	Expr : Expr . '<' Expr  (64)
	Expr : Expr . '>' Expr  (65)
	Expr : Expr . LESS_EQUAL Expr  (66)
	Expr : Expr . GREATER_EQUAL Expr  (67)
	Expr : Expr . AND Expr  (68)
	Expr : Expr . OR Expr  (69)

	AND  shift 122
	OR  shift 123
	LESS_EQUAL  shift 124
	GREATER_EQUAL  shift 125
	EQUAL  shift 126
	NOT_EQUAL  shift 127
	'+'  shift 128
	'-'  shift 129
	'*'  shift 130
	'/'  shift 131
	'%'  shift 132
	'>'  shift 133
	'<'  shift 134
	'.'  shift 135
	';'  shift 224
	'['  shift 136
	.  error


state 221
	DefaultExpr : DEFULT ':' . Expr ';'  (48)
	Receiver : .  (43)

	NULL  shift 47
	THIS  shift 48
	NEW  shift 54
	READ_INTEGER  shift 56
	READ_LINE  shift 57
	LITERAL  shift 58
	INSTANCEOF  shift 59
	'-'  shift 60
	'!'  shift 61
	'('  shift 62
	CASE  shift 64
	SUPER  shift 66
	DCOPY  shift 67
	SCOPY  shift 68
	'@'  shift 70
	'$'  shift 71
	'#'  shift 72
	IDENTIFIER  reduce 43

	LValue  goto 93
	Expr  goto 225
	Call  goto 95
	Super  goto 96
	Receiver  goto 88
	Constant  goto 89


state 222
	Expr : CASE '(' Expr ')' '{' ACaseExprlist DefaultExpr '}' .  (56)

	.  reduce 56


state 223
	ForStmt : FOR '(' SimpleStmt ';' Expr ';' SimpleStmt ')' Stmt .  (97)

	.  reduce 97


state 224
	ACaseExpr : Constant ':' Expr ';' .  (47)

	.  reduce 47


state 225
	Receiver : Expr . '.'  (42)
	LValue : Expr . '[' Expr ']'  (45)
	DefaultExpr : DEFULT ':' Expr . ';'  (48)
	Expr : Expr . '+' Expr  (57)
	Expr : Expr . '-' Expr  (58)
	Expr : Expr . '*' Expr  (59)
	Expr : Expr . '/' Expr  (60)
	Expr : Expr . '%' Expr  (61)
	Expr : Expr . EQUAL Expr  (62)
	Expr : Expr . NOT_EQUAL Expr  (63)
	Expr : Expr . '<' Expr  (64)
	Expr : Expr . '>' Expr  (65)
	Expr : Expr . LESS_EQUAL Expr  (66)
	Expr : Expr . GREATER_EQUAL Expr  (67)
	Expr : Expr . AND Expr  (68)
	Expr : Expr . OR Expr  (69)

	AND  shift 122
	OR  shift 123
	LESS_EQUAL  shift 124
	GREATER_EQUAL  shift 125
	EQUAL  shift 126
	NOT_EQUAL  shift 127
	'+'  shift 128
	'-'  shift 129
	'*'  shift 130
	'/'  shift 131
	'%'  shift 132
	'>'  shift 133
	'<'  shift 134
	'.'  shift 135
	';'  shift 226
	'['  shift 136
	.  error


state 226
	DefaultExpr : DEFULT ':' Expr ';' .  (48)

	.  reduce 48


State 113 contains 15 shift/reduce conflicts.
State 114 contains 15 shift/reduce conflicts.
State 115 contains 15 shift/reduce conflicts.


65 terminals, 38 nonterminals
106 grammar rules, 227 states
